[1.117s] DEBUG:colcon:Command line arguments: ['/home/prabathbk/.local/bin/colcon', 'build', '--symlink-install']
[1.117s] DEBUG:colcon:Parsed command line arguments: Namespace(log_base=None, log_level=None, verb_name='build', build_base='build', install_base='install', merge_install=False, symlink_install=True, test_result_base=None, continue_on_error=False, executor='parallel', parallel_workers=16, event_handlers=None, ignore_user_meta=False, metas=['./colcon.meta'], base_paths=['.'], packages_ignore=None, packages_ignore_regex=None, paths=None, packages_up_to=None, packages_up_to_regex=None, packages_above=None, packages_above_and_dependencies=None, packages_above_depth=None, packages_select_by_dep=None, packages_skip_by_dep=None, packages_skip_up_to=None, packages_select_build_failed=False, packages_skip_build_finished=False, packages_select_test_failures=False, packages_skip_test_passed=False, packages_select=None, packages_skip=None, packages_select_regex=None, packages_skip_regex=None, packages_start=None, packages_end=None, allow_overriding=[], cmake_args=None, cmake_target=None, cmake_target_skip_unavailable=False, cmake_clean_cache=False, cmake_clean_first=False, cmake_force_configure=False, ament_cmake_args=None, catkin_cmake_args=None, catkin_skip_building_tests=False, mixin_files=None, mixin=None, verb_parser=<colcon_mixin.mixin.mixin_argument.MixinArgumentDecorator object at 0x747dcd5f3280>, verb_extension=<colcon_core.verb.build.BuildVerb object at 0x747dcd5f2d70>, main=<bound method BuildVerb.main of <colcon_core.verb.build.BuildVerb object at 0x747dcd5f2d70>>, mixin_verb=('build',))
[5.437s] Level 1:colcon.colcon_core.package_discovery:discover_packages(colcon_meta) check parameters
[5.438s] Level 1:colcon.colcon_core.package_discovery:discover_packages(recursive) check parameters
[5.438s] Level 1:colcon.colcon_core.package_discovery:discover_packages(ignore) check parameters
[5.438s] Level 1:colcon.colcon_core.package_discovery:discover_packages(path) check parameters
[5.438s] Level 1:colcon.colcon_core.package_discovery:discover_packages(colcon_meta) discover
[5.438s] Level 1:colcon.colcon_core.package_discovery:discover_packages(recursive) discover
[5.438s] INFO:colcon.colcon_core.package_discovery:Crawling recursively for packages in '/home/prabathbk/dev_ws3'
[5.438s] Level 1:colcon.colcon_core.package_identification:_identify(.) by extensions ['ignore', 'ignore_ament_install']
[5.439s] Level 1:colcon.colcon_core.package_identification:_identify(.) by extension 'ignore'
[5.439s] Level 1:colcon.colcon_core.package_identification:_identify(.) by extension 'ignore_ament_install'
[5.439s] Level 1:colcon.colcon_core.package_identification:_identify(.) by extensions ['colcon_pkg']
[5.439s] Level 1:colcon.colcon_core.package_identification:_identify(.) by extension 'colcon_pkg'
[5.439s] Level 1:colcon.colcon_core.package_identification:_identify(.) by extensions ['colcon_meta']
[5.439s] Level 1:colcon.colcon_core.package_identification:_identify(.) by extension 'colcon_meta'
[5.440s] Level 1:colcon.colcon_core.package_identification:_identify(.) by extensions ['ros']
[5.440s] Level 1:colcon.colcon_core.package_identification:_identify(.) by extension 'ros'
[5.458s] Level 1:colcon.colcon_core.package_identification:_identify(.) by extensions ['cmake', 'python']
[5.458s] Level 1:colcon.colcon_core.package_identification:_identify(.) by extension 'cmake'
[5.458s] Level 1:colcon.colcon_core.package_identification:_identify(.) by extension 'python'
[5.458s] Level 1:colcon.colcon_core.package_identification:_identify(.) by extensions ['python_setup_py']
[5.458s] Level 1:colcon.colcon_core.package_identification:_identify(.) by extension 'python_setup_py'
[5.458s] Level 1:colcon.colcon_core.package_identification:_identify(build) by extensions ['ignore', 'ignore_ament_install']
[5.458s] Level 1:colcon.colcon_core.package_identification:_identify(build) by extension 'ignore'
[5.458s] Level 1:colcon.colcon_core.package_identification:_identify(build) ignored
[5.458s] Level 1:colcon.colcon_core.package_identification:_identify(install) by extensions ['ignore', 'ignore_ament_install']
[5.458s] Level 1:colcon.colcon_core.package_identification:_identify(install) by extension 'ignore'
[5.458s] Level 1:colcon.colcon_core.package_identification:_identify(install) ignored
[5.459s] Level 1:colcon.colcon_core.package_identification:_identify(log) by extensions ['ignore', 'ignore_ament_install']
[5.459s] Level 1:colcon.colcon_core.package_identification:_identify(log) by extension 'ignore'
[5.459s] Level 1:colcon.colcon_core.package_identification:_identify(log) ignored
[5.459s] Level 1:colcon.colcon_core.package_identification:_identify(src) by extensions ['ignore', 'ignore_ament_install']
[5.459s] Level 1:colcon.colcon_core.package_identification:_identify(src) by extension 'ignore'
[5.459s] Level 1:colcon.colcon_core.package_identification:_identify(src) by extension 'ignore_ament_install'
[5.459s] Level 1:colcon.colcon_core.package_identification:_identify(src) by extensions ['colcon_pkg']
[5.459s] Level 1:colcon.colcon_core.package_identification:_identify(src) by extension 'colcon_pkg'
[5.459s] Level 1:colcon.colcon_core.package_identification:_identify(src) by extensions ['colcon_meta']
[5.459s] Level 1:colcon.colcon_core.package_identification:_identify(src) by extension 'colcon_meta'
[5.459s] Level 1:colcon.colcon_core.package_identification:_identify(src) by extensions ['ros']
[5.459s] Level 1:colcon.colcon_core.package_identification:_identify(src) by extension 'ros'
[5.459s] Level 1:colcon.colcon_core.package_identification:_identify(src) by extensions ['cmake', 'python']
[5.459s] Level 1:colcon.colcon_core.package_identification:_identify(src) by extension 'cmake'
[5.459s] Level 1:colcon.colcon_core.package_identification:_identify(src) by extension 'python'
[5.459s] Level 1:colcon.colcon_core.package_identification:_identify(src) by extensions ['python_setup_py']
[5.459s] Level 1:colcon.colcon_core.package_identification:_identify(src) by extension 'python_setup_py'
[5.459s] Level 1:colcon.colcon_core.package_identification:_identify(src/my_bot) by extensions ['ignore', 'ignore_ament_install']
[5.459s] Level 1:colcon.colcon_core.package_identification:_identify(src/my_bot) by extension 'ignore'
[5.459s] Level 1:colcon.colcon_core.package_identification:_identify(src/my_bot) by extension 'ignore_ament_install'
[5.459s] Level 1:colcon.colcon_core.package_identification:_identify(src/my_bot) by extensions ['colcon_pkg']
[5.459s] Level 1:colcon.colcon_core.package_identification:_identify(src/my_bot) by extension 'colcon_pkg'
[5.459s] Level 1:colcon.colcon_core.package_identification:_identify(src/my_bot) by extensions ['colcon_meta']
[5.459s] Level 1:colcon.colcon_core.package_identification:_identify(src/my_bot) by extension 'colcon_meta'
[5.459s] Level 1:colcon.colcon_core.package_identification:_identify(src/my_bot) by extensions ['ros']
[5.459s] Level 1:colcon.colcon_core.package_identification:_identify(src/my_bot) by extension 'ros'
[5.461s] DEBUG:colcon.colcon_core.package_identification:Package 'src/my_bot' with type 'ros.ament_cmake' and name 'my_bot'
[5.461s] Level 1:colcon.colcon_core.package_discovery:discover_packages(recursive) using defaults
[5.461s] Level 1:colcon.colcon_core.package_discovery:discover_packages(ignore) discover
[5.461s] Level 1:colcon.colcon_core.package_discovery:discover_packages(ignore) using defaults
[5.461s] Level 1:colcon.colcon_core.package_discovery:discover_packages(path) discover
[5.461s] Level 1:colcon.colcon_core.package_discovery:discover_packages(path) using defaults
[5.791s] Level 1:colcon.colcon_core.package_discovery:discover_packages(prefix_path) check parameters
[5.792s] Level 1:colcon.colcon_core.package_discovery:discover_packages(prefix_path) discover
[5.808s] DEBUG:colcon.colcon_installed_package_information.package_discovery:Found 1 installed packages in /home/prabathbk/dev_ws3/install
[5.812s] DEBUG:colcon.colcon_installed_package_information.package_discovery:Found 280 installed packages in /opt/ros/humble
[5.818s] Level 1:colcon.colcon_core.package_discovery:discover_packages(prefix_path) using defaults
[5.894s] Level 5:colcon.colcon_core.verb:set package 'my_bot' build argument 'cmake_args' from command line to 'None'
[5.894s] Level 5:colcon.colcon_core.verb:set package 'my_bot' build argument 'cmake_target' from command line to 'None'
[5.894s] Level 5:colcon.colcon_core.verb:set package 'my_bot' build argument 'cmake_target_skip_unavailable' from command line to 'False'
[5.894s] Level 5:colcon.colcon_core.verb:set package 'my_bot' build argument 'cmake_clean_cache' from command line to 'False'
[5.894s] Level 5:colcon.colcon_core.verb:set package 'my_bot' build argument 'cmake_clean_first' from command line to 'False'
[5.894s] Level 5:colcon.colcon_core.verb:set package 'my_bot' build argument 'cmake_force_configure' from command line to 'False'
[5.894s] Level 5:colcon.colcon_core.verb:set package 'my_bot' build argument 'ament_cmake_args' from command line to 'None'
[5.894s] Level 5:colcon.colcon_core.verb:set package 'my_bot' build argument 'catkin_cmake_args' from command line to 'None'
[5.894s] Level 5:colcon.colcon_core.verb:set package 'my_bot' build argument 'catkin_skip_building_tests' from command line to 'False'
[5.894s] DEBUG:colcon.colcon_core.verb:Building package 'my_bot' with the following arguments: {'ament_cmake_args': None, 'build_base': '/home/prabathbk/dev_ws3/build/my_bot', 'catkin_cmake_args': None, 'catkin_skip_building_tests': False, 'cmake_args': None, 'cmake_clean_cache': False, 'cmake_clean_first': False, 'cmake_force_configure': False, 'cmake_target': None, 'cmake_target_skip_unavailable': False, 'install_base': '/home/prabathbk/dev_ws3/install/my_bot', 'merge_install': False, 'path': '/home/prabathbk/dev_ws3/src/my_bot', 'symlink_install': True, 'test_result_base': None}
[5.894s] INFO:colcon.colcon_core.executor:Executing jobs using 'parallel' executor
[5.895s] DEBUG:colcon.colcon_parallel_executor.executor.parallel:run_until_complete
[5.895s] INFO:colcon.colcon_ros.task.ament_cmake.build:Building ROS package in '/home/prabathbk/dev_ws3/src/my_bot' with build type 'ament_cmake'
[5.895s] INFO:colcon.colcon_cmake.task.cmake.build:Building CMake package in '/home/prabathbk/dev_ws3/src/my_bot'
[5.905s] INFO:colcon.colcon_core.plugin_system:Skipping extension 'colcon_core.shell.bat': Not used on non-Windows systems
[5.905s] INFO:colcon.colcon_core.shell:Skip shell extension 'powershell' for command environment: Not usable outside of PowerShell
[5.905s] DEBUG:colcon.colcon_core.shell:Skip shell extension 'dsv' for command environment
[5.929s] DEBUG:colcon.colcon_core.event_handler.log_command:Invoking command in '/home/prabathbk/dev_ws3/build/my_bot': CMAKE_PREFIX_PATH=${CMAKE_PREFIX_PATH}:/opt/ros/humble /usr/bin/cmake --build /home/prabathbk/dev_ws3/build/my_bot -- -j16 -l16
[5.966s] DEBUG:colcon.colcon_core.event_handler.log_command:Invoked command in '/home/prabathbk/dev_ws3/build/my_bot' returned '0': CMAKE_PREFIX_PATH=${CMAKE_PREFIX_PATH}:/opt/ros/humble /usr/bin/cmake --build /home/prabathbk/dev_ws3/build/my_bot -- -j16 -l16
[6.000s] DEBUG:colcon.colcon_core.event_handler.log_command:Invoking command in '/home/prabathbk/dev_ws3/build/my_bot': CMAKE_PREFIX_PATH=${CMAKE_PREFIX_PATH}:/opt/ros/humble /usr/bin/cmake --install /home/prabathbk/dev_ws3/build/my_bot
[6.026s] Level 1:colcon.colcon_core.environment:create_environment_scripts_only(my_bot)
[6.026s] DEBUG:colcon.colcon_core.event_handler.log_command:Invoked command in '/home/prabathbk/dev_ws3/build/my_bot' returned '0': CMAKE_PREFIX_PATH=${CMAKE_PREFIX_PATH}:/opt/ros/humble /usr/bin/cmake --install /home/prabathbk/dev_ws3/build/my_bot
[6.050s] Level 1:colcon.colcon_core.environment:checking '/home/prabathbk/dev_ws3/install/my_bot' for CMake module files
[6.051s] Level 1:colcon.colcon_core.environment:checking '/home/prabathbk/dev_ws3/install/my_bot' for CMake config files
[6.052s] Level 1:colcon.colcon_core.shell:create_environment_hook('my_bot', 'cmake_prefix_path')
[6.053s] INFO:colcon.colcon_core.shell:Creating environment hook '/home/prabathbk/dev_ws3/install/my_bot/share/my_bot/hook/cmake_prefix_path.ps1'
[6.055s] INFO:colcon.colcon_core.shell:Creating environment descriptor '/home/prabathbk/dev_ws3/install/my_bot/share/my_bot/hook/cmake_prefix_path.dsv'
[6.057s] INFO:colcon.colcon_core.shell:Creating environment hook '/home/prabathbk/dev_ws3/install/my_bot/share/my_bot/hook/cmake_prefix_path.sh'
[6.060s] Level 1:colcon.colcon_core.environment:checking '/home/prabathbk/dev_ws3/install/my_bot/bin'
[6.060s] Level 1:colcon.colcon_core.environment:checking '/home/prabathbk/dev_ws3/install/my_bot/lib/pkgconfig/my_bot.pc'
[6.061s] Level 1:colcon.colcon_core.environment:checking '/home/prabathbk/dev_ws3/install/my_bot/lib/python3.10/site-packages'
[6.061s] Level 1:colcon.colcon_core.environment:checking '/home/prabathbk/dev_ws3/install/my_bot/bin'
[6.062s] INFO:colcon.colcon_core.shell:Creating package script '/home/prabathbk/dev_ws3/install/my_bot/share/my_bot/package.ps1'
[6.064s] INFO:colcon.colcon_core.shell:Creating package descriptor '/home/prabathbk/dev_ws3/install/my_bot/share/my_bot/package.dsv'
[6.066s] INFO:colcon.colcon_core.shell:Creating package script '/home/prabathbk/dev_ws3/install/my_bot/share/my_bot/package.sh'
[6.067s] INFO:colcon.colcon_core.shell:Creating package script '/home/prabathbk/dev_ws3/install/my_bot/share/my_bot/package.bash'
[6.069s] INFO:colcon.colcon_core.shell:Creating package script '/home/prabathbk/dev_ws3/install/my_bot/share/my_bot/package.zsh'
[6.070s] Level 1:colcon.colcon_core.environment:create_file_with_runtime_dependencies(/home/prabathbk/dev_ws3/install/my_bot/share/colcon-core/packages/my_bot)
[6.117s] Level 1:colcon.colcon_core.environment:create_environment_scripts_only(my_bot)
[6.118s] Level 1:colcon.colcon_core.environment:checking '/home/prabathbk/dev_ws3/install/my_bot' for CMake module files
[6.119s] Level 1:colcon.colcon_core.environment:checking '/home/prabathbk/dev_ws3/install/my_bot' for CMake config files
[6.120s] Level 1:colcon.colcon_core.shell:create_environment_hook('my_bot', 'cmake_prefix_path')
[6.121s] INFO:colcon.colcon_core.shell:Creating environment hook '/home/prabathbk/dev_ws3/install/my_bot/share/my_bot/hook/cmake_prefix_path.ps1'
[6.122s] INFO:colcon.colcon_core.shell:Creating environment descriptor '/home/prabathbk/dev_ws3/install/my_bot/share/my_bot/hook/cmake_prefix_path.dsv'
[6.123s] INFO:colcon.colcon_core.shell:Creating environment hook '/home/prabathbk/dev_ws3/install/my_bot/share/my_bot/hook/cmake_prefix_path.sh'
[6.125s] Level 1:colcon.colcon_core.environment:checking '/home/prabathbk/dev_ws3/install/my_bot/bin'
[6.126s] Level 1:colcon.colcon_core.environment:checking '/home/prabathbk/dev_ws3/install/my_bot/lib/pkgconfig/my_bot.pc'
[6.127s] Level 1:colcon.colcon_core.environment:checking '/home/prabathbk/dev_ws3/install/my_bot/lib/python3.10/site-packages'
[6.127s] Level 1:colcon.colcon_core.environment:checking '/home/prabathbk/dev_ws3/install/my_bot/bin'
[6.128s] INFO:colcon.colcon_core.shell:Creating package script '/home/prabathbk/dev_ws3/install/my_bot/share/my_bot/package.ps1'
[6.130s] INFO:colcon.colcon_core.shell:Creating package descriptor '/home/prabathbk/dev_ws3/install/my_bot/share/my_bot/package.dsv'
[6.131s] INFO:colcon.colcon_core.shell:Creating package script '/home/prabathbk/dev_ws3/install/my_bot/share/my_bot/package.sh'
[6.133s] INFO:colcon.colcon_core.shell:Creating package script '/home/prabathbk/dev_ws3/install/my_bot/share/my_bot/package.bash'
[6.133s] INFO:colcon.colcon_core.shell:Creating package script '/home/prabathbk/dev_ws3/install/my_bot/share/my_bot/package.zsh'
[6.134s] Level 1:colcon.colcon_core.environment:create_file_with_runtime_dependencies(/home/prabathbk/dev_ws3/install/my_bot/share/colcon-core/packages/my_bot)
[6.134s] DEBUG:colcon.colcon_parallel_executor.executor.parallel:closing loop
[6.135s] DEBUG:colcon.colcon_parallel_executor.executor.parallel:loop closed
[6.135s] DEBUG:colcon.colcon_parallel_executor.executor.parallel:run_until_complete finished with '0'
[6.135s] DEBUG:colcon.colcon_core.event_reactor:joining thread
[6.156s] INFO:colcon.colcon_core.plugin_system:Skipping extension 'colcon_notification.desktop_notification.terminal_notifier': Not used on non-Darwin systems
[6.156s] INFO:colcon.colcon_core.plugin_system:Skipping extension 'colcon_notification.desktop_notification.win32': Not used on non-Windows systems
[6.156s] INFO:colcon.colcon_notification.desktop_notification:Sending desktop notification using 'notify2'
[6.181s] DEBUG:colcon.colcon_core.event_reactor:joined thread
[6.181s] INFO:colcon.colcon_core.shell:Creating prefix script '/home/prabathbk/dev_ws3/install/local_setup.ps1'
[6.183s] INFO:colcon.colcon_core.shell:Creating prefix util module '/home/prabathbk/dev_ws3/install/_local_setup_util_ps1.py'
[6.185s] INFO:colcon.colcon_core.shell:Creating prefix chain script '/home/prabathbk/dev_ws3/install/setup.ps1'
[6.186s] INFO:colcon.colcon_core.shell:Creating prefix script '/home/prabathbk/dev_ws3/install/local_setup.sh'
[6.187s] INFO:colcon.colcon_core.shell:Creating prefix util module '/home/prabathbk/dev_ws3/install/_local_setup_util_sh.py'
[6.188s] INFO:colcon.colcon_core.shell:Creating prefix chain script '/home/prabathbk/dev_ws3/install/setup.sh'
[6.189s] INFO:colcon.colcon_core.shell:Creating prefix script '/home/prabathbk/dev_ws3/install/local_setup.bash'
[6.190s] INFO:colcon.colcon_core.shell:Creating prefix chain script '/home/prabathbk/dev_ws3/install/setup.bash'
[6.191s] INFO:colcon.colcon_core.shell:Creating prefix script '/home/prabathbk/dev_ws3/install/local_setup.zsh'
[6.192s] INFO:colcon.colcon_core.shell:Creating prefix chain script '/home/prabathbk/dev_ws3/install/setup.zsh'
