[0.308s] DEBUG:colcon:Command line arguments: ['/home/prabathbk/.local/bin/colcon', 'build', '--symlink-install']
[0.308s] DEBUG:colcon:Parsed command line arguments: Namespace(log_base=None, log_level=None, verb_name='build', build_base='build', install_base='install', merge_install=False, symlink_install=True, test_result_base=None, continue_on_error=False, executor='parallel', parallel_workers=16, event_handlers=None, ignore_user_meta=False, metas=['./colcon.meta'], base_paths=['.'], packages_ignore=None, packages_ignore_regex=None, paths=None, packages_up_to=None, packages_up_to_regex=None, packages_above=None, packages_above_and_dependencies=None, packages_above_depth=None, packages_select_by_dep=None, packages_skip_by_dep=None, packages_skip_up_to=None, packages_select_build_failed=False, packages_skip_build_finished=False, packages_select_test_failures=False, packages_skip_test_passed=False, packages_select=None, packages_skip=None, packages_select_regex=None, packages_skip_regex=None, packages_start=None, packages_end=None, allow_overriding=[], cmake_args=None, cmake_target=None, cmake_target_skip_unavailable=False, cmake_clean_cache=False, cmake_clean_first=False, cmake_force_configure=False, ament_cmake_args=None, catkin_cmake_args=None, catkin_skip_building_tests=False, mixin_files=None, mixin=None, verb_parser=<colcon_mixin.mixin.mixin_argument.MixinArgumentDecorator object at 0x714c0ee8b220>, verb_extension=<colcon_core.verb.build.BuildVerb object at 0x714c0ee8ad10>, main=<bound method BuildVerb.main of <colcon_core.verb.build.BuildVerb object at 0x714c0ee8ad10>>, mixin_verb=('build',))
[3.316s] Level 1:colcon.colcon_core.package_discovery:discover_packages(colcon_meta) check parameters
[3.316s] Level 1:colcon.colcon_core.package_discovery:discover_packages(recursive) check parameters
[3.316s] Level 1:colcon.colcon_core.package_discovery:discover_packages(ignore) check parameters
[3.316s] Level 1:colcon.colcon_core.package_discovery:discover_packages(path) check parameters
[3.316s] Level 1:colcon.colcon_core.package_discovery:discover_packages(colcon_meta) discover
[3.316s] Level 1:colcon.colcon_core.package_discovery:discover_packages(recursive) discover
[3.316s] INFO:colcon.colcon_core.package_discovery:Crawling recursively for packages in '/home/prabathbk/dev_ws3'
[3.316s] Level 1:colcon.colcon_core.package_identification:_identify(.) by extensions ['ignore', 'ignore_ament_install']
[3.316s] Level 1:colcon.colcon_core.package_identification:_identify(.) by extension 'ignore'
[3.317s] Level 1:colcon.colcon_core.package_identification:_identify(.) by extension 'ignore_ament_install'
[3.317s] Level 1:colcon.colcon_core.package_identification:_identify(.) by extensions ['colcon_pkg']
[3.317s] Level 1:colcon.colcon_core.package_identification:_identify(.) by extension 'colcon_pkg'
[3.317s] Level 1:colcon.colcon_core.package_identification:_identify(.) by extensions ['colcon_meta']
[3.317s] Level 1:colcon.colcon_core.package_identification:_identify(.) by extension 'colcon_meta'
[3.317s] Level 1:colcon.colcon_core.package_identification:_identify(.) by extensions ['ros']
[3.317s] Level 1:colcon.colcon_core.package_identification:_identify(.) by extension 'ros'
[3.324s] Level 1:colcon.colcon_core.package_identification:_identify(.) by extensions ['cmake', 'python']
[3.324s] Level 1:colcon.colcon_core.package_identification:_identify(.) by extension 'cmake'
[3.324s] Level 1:colcon.colcon_core.package_identification:_identify(.) by extension 'python'
[3.324s] Level 1:colcon.colcon_core.package_identification:_identify(.) by extensions ['python_setup_py']
[3.324s] Level 1:colcon.colcon_core.package_identification:_identify(.) by extension 'python_setup_py'
[3.324s] Level 1:colcon.colcon_core.package_identification:_identify(build) by extensions ['ignore', 'ignore_ament_install']
[3.324s] Level 1:colcon.colcon_core.package_identification:_identify(build) by extension 'ignore'
[3.324s] Level 1:colcon.colcon_core.package_identification:_identify(build) ignored
[3.324s] Level 1:colcon.colcon_core.package_identification:_identify(install) by extensions ['ignore', 'ignore_ament_install']
[3.324s] Level 1:colcon.colcon_core.package_identification:_identify(install) by extension 'ignore'
[3.324s] Level 1:colcon.colcon_core.package_identification:_identify(install) ignored
[3.324s] Level 1:colcon.colcon_core.package_identification:_identify(log) by extensions ['ignore', 'ignore_ament_install']
[3.325s] Level 1:colcon.colcon_core.package_identification:_identify(log) by extension 'ignore'
[3.325s] Level 1:colcon.colcon_core.package_identification:_identify(log) ignored
[3.325s] Level 1:colcon.colcon_core.package_identification:_identify(src) by extensions ['ignore', 'ignore_ament_install']
[3.325s] Level 1:colcon.colcon_core.package_identification:_identify(src) by extension 'ignore'
[3.325s] Level 1:colcon.colcon_core.package_identification:_identify(src) by extension 'ignore_ament_install'
[3.325s] Level 1:colcon.colcon_core.package_identification:_identify(src) by extensions ['colcon_pkg']
[3.325s] Level 1:colcon.colcon_core.package_identification:_identify(src) by extension 'colcon_pkg'
[3.325s] Level 1:colcon.colcon_core.package_identification:_identify(src) by extensions ['colcon_meta']
[3.325s] Level 1:colcon.colcon_core.package_identification:_identify(src) by extension 'colcon_meta'
[3.325s] Level 1:colcon.colcon_core.package_identification:_identify(src) by extensions ['ros']
[3.325s] Level 1:colcon.colcon_core.package_identification:_identify(src) by extension 'ros'
[3.325s] Level 1:colcon.colcon_core.package_identification:_identify(src) by extensions ['cmake', 'python']
[3.325s] Level 1:colcon.colcon_core.package_identification:_identify(src) by extension 'cmake'
[3.325s] Level 1:colcon.colcon_core.package_identification:_identify(src) by extension 'python'
[3.325s] Level 1:colcon.colcon_core.package_identification:_identify(src) by extensions ['python_setup_py']
[3.325s] Level 1:colcon.colcon_core.package_identification:_identify(src) by extension 'python_setup_py'
[3.325s] Level 1:colcon.colcon_core.package_identification:_identify(src/my_bot) by extensions ['ignore', 'ignore_ament_install']
[3.325s] Level 1:colcon.colcon_core.package_identification:_identify(src/my_bot) by extension 'ignore'
[3.325s] Level 1:colcon.colcon_core.package_identification:_identify(src/my_bot) by extension 'ignore_ament_install'
[3.325s] Level 1:colcon.colcon_core.package_identification:_identify(src/my_bot) by extensions ['colcon_pkg']
[3.325s] Level 1:colcon.colcon_core.package_identification:_identify(src/my_bot) by extension 'colcon_pkg'
[3.325s] Level 1:colcon.colcon_core.package_identification:_identify(src/my_bot) by extensions ['colcon_meta']
[3.325s] Level 1:colcon.colcon_core.package_identification:_identify(src/my_bot) by extension 'colcon_meta'
[3.325s] Level 1:colcon.colcon_core.package_identification:_identify(src/my_bot) by extensions ['ros']
[3.325s] Level 1:colcon.colcon_core.package_identification:_identify(src/my_bot) by extension 'ros'
[3.327s] DEBUG:colcon.colcon_core.package_identification:Package 'src/my_bot' with type 'ros.ament_cmake' and name 'my_bot'
[3.327s] Level 1:colcon.colcon_core.package_discovery:discover_packages(recursive) using defaults
[3.327s] Level 1:colcon.colcon_core.package_discovery:discover_packages(ignore) discover
[3.327s] Level 1:colcon.colcon_core.package_discovery:discover_packages(ignore) using defaults
[3.327s] Level 1:colcon.colcon_core.package_discovery:discover_packages(path) discover
[3.327s] Level 1:colcon.colcon_core.package_discovery:discover_packages(path) using defaults
[3.661s] Level 1:colcon.colcon_core.package_discovery:discover_packages(prefix_path) check parameters
[3.661s] Level 1:colcon.colcon_core.package_discovery:discover_packages(prefix_path) discover
[3.682s] DEBUG:colcon.colcon_installed_package_information.package_discovery:Found 1 installed packages in /home/prabathbk/dev_ws3/install
[3.683s] DEBUG:colcon.colcon_installed_package_information.package_discovery:Found 280 installed packages in /opt/ros/humble
[3.685s] Level 1:colcon.colcon_core.package_discovery:discover_packages(prefix_path) using defaults
[3.737s] Level 5:colcon.colcon_core.verb:set package 'my_bot' build argument 'cmake_args' from command line to 'None'
[3.737s] Level 5:colcon.colcon_core.verb:set package 'my_bot' build argument 'cmake_target' from command line to 'None'
[3.737s] Level 5:colcon.colcon_core.verb:set package 'my_bot' build argument 'cmake_target_skip_unavailable' from command line to 'False'
[3.737s] Level 5:colcon.colcon_core.verb:set package 'my_bot' build argument 'cmake_clean_cache' from command line to 'False'
[3.737s] Level 5:colcon.colcon_core.verb:set package 'my_bot' build argument 'cmake_clean_first' from command line to 'False'
[3.737s] Level 5:colcon.colcon_core.verb:set package 'my_bot' build argument 'cmake_force_configure' from command line to 'False'
[3.737s] Level 5:colcon.colcon_core.verb:set package 'my_bot' build argument 'ament_cmake_args' from command line to 'None'
[3.737s] Level 5:colcon.colcon_core.verb:set package 'my_bot' build argument 'catkin_cmake_args' from command line to 'None'
[3.737s] Level 5:colcon.colcon_core.verb:set package 'my_bot' build argument 'catkin_skip_building_tests' from command line to 'False'
[3.737s] DEBUG:colcon.colcon_core.verb:Building package 'my_bot' with the following arguments: {'ament_cmake_args': None, 'build_base': '/home/prabathbk/dev_ws3/build/my_bot', 'catkin_cmake_args': None, 'catkin_skip_building_tests': False, 'cmake_args': None, 'cmake_clean_cache': False, 'cmake_clean_first': False, 'cmake_force_configure': False, 'cmake_target': None, 'cmake_target_skip_unavailable': False, 'install_base': '/home/prabathbk/dev_ws3/install/my_bot', 'merge_install': False, 'path': '/home/prabathbk/dev_ws3/src/my_bot', 'symlink_install': True, 'test_result_base': None}
[3.738s] INFO:colcon.colcon_core.executor:Executing jobs using 'parallel' executor
[3.738s] DEBUG:colcon.colcon_parallel_executor.executor.parallel:run_until_complete
[3.738s] INFO:colcon.colcon_ros.task.ament_cmake.build:Building ROS package in '/home/prabathbk/dev_ws3/src/my_bot' with build type 'ament_cmake'
[3.739s] INFO:colcon.colcon_cmake.task.cmake.build:Building CMake package in '/home/prabathbk/dev_ws3/src/my_bot'
[3.760s] INFO:colcon.colcon_core.plugin_system:Skipping extension 'colcon_core.shell.bat': Not used on non-Windows systems
[3.760s] INFO:colcon.colcon_core.shell:Skip shell extension 'powershell' for command environment: Not usable outside of PowerShell
[3.760s] DEBUG:colcon.colcon_core.shell:Skip shell extension 'dsv' for command environment
[3.806s] DEBUG:colcon.colcon_core.event_handler.log_command:Invoking command in '/home/prabathbk/dev_ws3/build/my_bot': CMAKE_PREFIX_PATH=${CMAKE_PREFIX_PATH}:/opt/ros/humble /usr/bin/cmake --build /home/prabathbk/dev_ws3/build/my_bot -- -j16 -l16
[4.317s] DEBUG:colcon.colcon_core.event_handler.log_command:Invoked command in '/home/prabathbk/dev_ws3/build/my_bot' returned '0': CMAKE_PREFIX_PATH=${CMAKE_PREFIX_PATH}:/opt/ros/humble /usr/bin/cmake --build /home/prabathbk/dev_ws3/build/my_bot -- -j16 -l16
[4.335s] DEBUG:colcon.colcon_core.event_handler.log_command:Invoking command in '/home/prabathbk/dev_ws3/build/my_bot': CMAKE_PREFIX_PATH=${CMAKE_PREFIX_PATH}:/opt/ros/humble /usr/bin/cmake --install /home/prabathbk/dev_ws3/build/my_bot
[4.391s] Level 1:colcon.colcon_core.environment:create_environment_scripts_only(my_bot)
[4.392s] DEBUG:colcon.colcon_core.event_handler.log_command:Invoked command in '/home/prabathbk/dev_ws3/build/my_bot' returned '0': CMAKE_PREFIX_PATH=${CMAKE_PREFIX_PATH}:/opt/ros/humble /usr/bin/cmake --install /home/prabathbk/dev_ws3/build/my_bot
[4.417s] Level 1:colcon.colcon_core.environment:checking '/home/prabathbk/dev_ws3/install/my_bot' for CMake module files
[4.417s] Level 1:colcon.colcon_core.environment:checking '/home/prabathbk/dev_ws3/install/my_bot' for CMake config files
[4.417s] Level 1:colcon.colcon_core.shell:create_environment_hook('my_bot', 'cmake_prefix_path')
[4.418s] INFO:colcon.colcon_core.shell:Creating environment hook '/home/prabathbk/dev_ws3/install/my_bot/share/my_bot/hook/cmake_prefix_path.ps1'
[4.419s] INFO:colcon.colcon_core.shell:Creating environment descriptor '/home/prabathbk/dev_ws3/install/my_bot/share/my_bot/hook/cmake_prefix_path.dsv'
[4.419s] INFO:colcon.colcon_core.shell:Creating environment hook '/home/prabathbk/dev_ws3/install/my_bot/share/my_bot/hook/cmake_prefix_path.sh'
[4.420s] Level 1:colcon.colcon_core.environment:checking '/home/prabathbk/dev_ws3/install/my_bot/bin'
[4.420s] Level 1:colcon.colcon_core.environment:checking '/home/prabathbk/dev_ws3/install/my_bot/lib/pkgconfig/my_bot.pc'
[4.420s] Level 1:colcon.colcon_core.environment:checking '/home/prabathbk/dev_ws3/install/my_bot/lib/python3.10/site-packages'
[4.420s] Level 1:colcon.colcon_core.environment:checking '/home/prabathbk/dev_ws3/install/my_bot/bin'
[4.420s] INFO:colcon.colcon_core.shell:Creating package script '/home/prabathbk/dev_ws3/install/my_bot/share/my_bot/package.ps1'
[4.421s] INFO:colcon.colcon_core.shell:Creating package descriptor '/home/prabathbk/dev_ws3/install/my_bot/share/my_bot/package.dsv'
[4.421s] INFO:colcon.colcon_core.shell:Creating package script '/home/prabathbk/dev_ws3/install/my_bot/share/my_bot/package.sh'
[4.422s] INFO:colcon.colcon_core.shell:Creating package script '/home/prabathbk/dev_ws3/install/my_bot/share/my_bot/package.bash'
[4.422s] INFO:colcon.colcon_core.shell:Creating package script '/home/prabathbk/dev_ws3/install/my_bot/share/my_bot/package.zsh'
[4.423s] Level 1:colcon.colcon_core.environment:create_file_with_runtime_dependencies(/home/prabathbk/dev_ws3/install/my_bot/share/colcon-core/packages/my_bot)
[4.436s] Level 1:colcon.colcon_core.environment:create_environment_scripts_only(my_bot)
[4.437s] Level 1:colcon.colcon_core.environment:checking '/home/prabathbk/dev_ws3/install/my_bot' for CMake module files
[4.437s] Level 1:colcon.colcon_core.environment:checking '/home/prabathbk/dev_ws3/install/my_bot' for CMake config files
[4.437s] Level 1:colcon.colcon_core.shell:create_environment_hook('my_bot', 'cmake_prefix_path')
[4.437s] INFO:colcon.colcon_core.shell:Creating environment hook '/home/prabathbk/dev_ws3/install/my_bot/share/my_bot/hook/cmake_prefix_path.ps1'
[4.437s] INFO:colcon.colcon_core.shell:Creating environment descriptor '/home/prabathbk/dev_ws3/install/my_bot/share/my_bot/hook/cmake_prefix_path.dsv'
[4.438s] INFO:colcon.colcon_core.shell:Creating environment hook '/home/prabathbk/dev_ws3/install/my_bot/share/my_bot/hook/cmake_prefix_path.sh'
[4.438s] Level 1:colcon.colcon_core.environment:checking '/home/prabathbk/dev_ws3/install/my_bot/bin'
[4.438s] Level 1:colcon.colcon_core.environment:checking '/home/prabathbk/dev_ws3/install/my_bot/lib/pkgconfig/my_bot.pc'
[4.438s] Level 1:colcon.colcon_core.environment:checking '/home/prabathbk/dev_ws3/install/my_bot/lib/python3.10/site-packages'
[4.438s] Level 1:colcon.colcon_core.environment:checking '/home/prabathbk/dev_ws3/install/my_bot/bin'
[4.438s] INFO:colcon.colcon_core.shell:Creating package script '/home/prabathbk/dev_ws3/install/my_bot/share/my_bot/package.ps1'
[4.439s] INFO:colcon.colcon_core.shell:Creating package descriptor '/home/prabathbk/dev_ws3/install/my_bot/share/my_bot/package.dsv'
[4.439s] INFO:colcon.colcon_core.shell:Creating package script '/home/prabathbk/dev_ws3/install/my_bot/share/my_bot/package.sh'
[4.439s] INFO:colcon.colcon_core.shell:Creating package script '/home/prabathbk/dev_ws3/install/my_bot/share/my_bot/package.bash'
[4.439s] INFO:colcon.colcon_core.shell:Creating package script '/home/prabathbk/dev_ws3/install/my_bot/share/my_bot/package.zsh'
[4.440s] Level 1:colcon.colcon_core.environment:create_file_with_runtime_dependencies(/home/prabathbk/dev_ws3/install/my_bot/share/colcon-core/packages/my_bot)
[4.440s] DEBUG:colcon.colcon_parallel_executor.executor.parallel:closing loop
[4.440s] DEBUG:colcon.colcon_parallel_executor.executor.parallel:loop closed
[4.440s] DEBUG:colcon.colcon_parallel_executor.executor.parallel:run_until_complete finished with '0'
[4.440s] DEBUG:colcon.colcon_core.event_reactor:joining thread
[4.481s] INFO:colcon.colcon_core.plugin_system:Skipping extension 'colcon_notification.desktop_notification.terminal_notifier': Not used on non-Darwin systems
[4.481s] INFO:colcon.colcon_core.plugin_system:Skipping extension 'colcon_notification.desktop_notification.win32': Not used on non-Windows systems
[4.481s] INFO:colcon.colcon_notification.desktop_notification:Sending desktop notification using 'notify2'
[4.491s] DEBUG:colcon.colcon_core.event_reactor:joined thread
[4.491s] INFO:colcon.colcon_core.shell:Creating prefix script '/home/prabathbk/dev_ws3/install/local_setup.ps1'
[4.492s] INFO:colcon.colcon_core.shell:Creating prefix util module '/home/prabathbk/dev_ws3/install/_local_setup_util_ps1.py'
[4.493s] INFO:colcon.colcon_core.shell:Creating prefix chain script '/home/prabathbk/dev_ws3/install/setup.ps1'
[4.493s] INFO:colcon.colcon_core.shell:Creating prefix script '/home/prabathbk/dev_ws3/install/local_setup.sh'
[4.494s] INFO:colcon.colcon_core.shell:Creating prefix util module '/home/prabathbk/dev_ws3/install/_local_setup_util_sh.py'
[4.494s] INFO:colcon.colcon_core.shell:Creating prefix chain script '/home/prabathbk/dev_ws3/install/setup.sh'
[4.495s] INFO:colcon.colcon_core.shell:Creating prefix script '/home/prabathbk/dev_ws3/install/local_setup.bash'
[4.495s] INFO:colcon.colcon_core.shell:Creating prefix chain script '/home/prabathbk/dev_ws3/install/setup.bash'
[4.496s] INFO:colcon.colcon_core.shell:Creating prefix script '/home/prabathbk/dev_ws3/install/local_setup.zsh'
[4.496s] INFO:colcon.colcon_core.shell:Creating prefix chain script '/home/prabathbk/dev_ws3/install/setup.zsh'
