[2.979s] Invoking command in '/home/prabathbk/dev_ws3/build/ball_tracker': PYTHONPATH=/home/prabathbk/dev_ws3/build/ball_tracker/prefix_override:/home/prabathbk/dev_ws3/install/ball_tracker/lib/python3.10/site-packages:${PYTHONPATH} /usr/bin/python3 -W ignore:setup.py install is deprecated setup.py develop --editable --build-directory /home/prabathbk/dev_ws3/build/ball_tracker/build --no-deps symlink_data
[3.072s] /home/prabathbk/.local/lib/python3.10/site-packages/setuptools/dist.py:476: SetuptoolsDeprecationWarning: Invalid dash-separated options
[3.072s] !!
[3.072s] 
[3.072s]         ********************************************************************************
[3.072s]         Usage of dash-separated 'script-dir' will not be supported in future
[3.072s]         versions. Please use the underscore name 'script_dir' instead.
[3.072s] 
[3.072s]         By 2024-Sep-26, you need to update your project and remove deprecated calls
[3.072s]         or your builds will no longer be supported.
[3.072s] 
[3.072s]         See https://setuptools.pypa.io/en/latest/userguide/declarative_config.html for details.
[3.072s]         ********************************************************************************
[3.072s] 
[3.072s] !!
[3.072s]   opt = self.warn_dash_deprecation(opt, section)
[3.193s] running develop
[3.214s] /home/prabathbk/.local/lib/python3.10/site-packages/setuptools/command/develop.py:42: EasyInstallDeprecationWarning: easy_install command is deprecated.
[3.214s] !!
[3.214s] 
[3.214s]         ********************************************************************************
[3.214s]         Please avoid running ``setup.py`` and ``easy_install``.
[3.214s]         Instead, use pypa/build, pypa/installer or other
[3.214s]         standards-based tools.
[3.214s] 
[3.214s]         See https://github.com/pypa/setuptools/issues/917 for details.
[3.214s]         ********************************************************************************
[3.214s] 
[3.214s] !!
[3.214s]   easy_install.initialize_options(self)
[3.354s] running egg_info
[3.354s] creating ball_tracker.egg-info
[3.364s] writing ball_tracker.egg-info/PKG-INFO
[3.364s] writing dependency_links to ball_tracker.egg-info/dependency_links.txt
[3.364s] writing entry points to ball_tracker.egg-info/entry_points.txt
[3.364s] writing requirements to ball_tracker.egg-info/requires.txt
[3.364s] writing top-level names to ball_tracker.egg-info/top_level.txt
[3.364s] writing manifest file 'ball_tracker.egg-info/SOURCES.txt'
[3.386s] reading manifest file 'ball_tracker.egg-info/SOURCES.txt'
[3.386s] writing manifest file 'ball_tracker.egg-info/SOURCES.txt'
[3.398s] running build_ext
[3.410s] Creating /home/prabathbk/dev_ws3/install/ball_tracker/lib/python3.10/site-packages/ball-tracker.egg-link (link to .)
[3.411s] Installing detect_ball script to /home/prabathbk/dev_ws3/install/ball_tracker/lib/ball_tracker
[3.411s] Installing detect_ball_3d script to /home/prabathbk/dev_ws3/install/ball_tracker/lib/ball_tracker
[3.411s] Installing follow_ball script to /home/prabathbk/dev_ws3/install/ball_tracker/lib/ball_tracker
[3.411s] 
[3.411s] Installed /home/prabathbk/dev_ws3/build/ball_tracker
[3.411s] running symlink_data
[3.411s] creating /home/prabathbk/dev_ws3/install/ball_tracker/share/ament_index
[3.412s] creating /home/prabathbk/dev_ws3/install/ball_tracker/share/ament_index/resource_index
[3.412s] creating /home/prabathbk/dev_ws3/install/ball_tracker/share/ament_index/resource_index/packages
[3.412s] symbolically linking /home/prabathbk/dev_ws3/build/ball_tracker/resource/ball_tracker -> /home/prabathbk/dev_ws3/install/ball_tracker/share/ament_index/resource_index/packages
[3.412s] symbolically linking /home/prabathbk/dev_ws3/build/ball_tracker/package.xml -> /home/prabathbk/dev_ws3/install/ball_tracker/share/ball_tracker
[3.412s] creating /home/prabathbk/dev_ws3/install/ball_tracker/share/ball_tracker/launch
[3.412s] symbolically linking /home/prabathbk/dev_ws3/build/ball_tracker/launch/example_launch_include.launch.py -> /home/prabathbk/dev_ws3/install/ball_tracker/share/ball_tracker/launch
[3.412s] symbolically linking /home/prabathbk/dev_ws3/build/ball_tracker/launch/ball_tracker.launch.py -> /home/prabathbk/dev_ws3/install/ball_tracker/share/ball_tracker/launch
[3.412s] creating /home/prabathbk/dev_ws3/install/ball_tracker/share/ball_tracker/config
[3.412s] symbolically linking /home/prabathbk/dev_ws3/build/ball_tracker/config/ball_tracker_params_example.yaml -> /home/prabathbk/dev_ws3/install/ball_tracker/share/ball_tracker/config
[3.434s] Invoked command in '/home/prabathbk/dev_ws3/build/ball_tracker' returned '0': PYTHONPATH=/home/prabathbk/dev_ws3/build/ball_tracker/prefix_override:/home/prabathbk/dev_ws3/install/ball_tracker/lib/python3.10/site-packages:${PYTHONPATH} /usr/bin/python3 -W ignore:setup.py install is deprecated setup.py develop --editable --build-directory /home/prabathbk/dev_ws3/build/ball_tracker/build --no-deps symlink_data
