[0.006s] Invoking command in '/home/prabathbk/dev_ws3/build/my_bot': CMAKE_PREFIX_PATH=/opt/ros/humble /usr/bin/cmake --build /home/prabathbk/dev_ws3/build/my_bot -- -j16 -l16
[0.027s] Invoked command in '/home/prabathbk/dev_ws3/build/my_bot' returned '0': CMAKE_PREFIX_PATH=/opt/ros/humble /usr/bin/cmake --build /home/prabathbk/dev_ws3/build/my_bot -- -j16 -l16
[0.057s] Invoking command in '/home/prabathbk/dev_ws3/build/my_bot': CMAKE_PREFIX_PATH=/opt/ros/humble /usr/bin/cmake --install /home/prabathbk/dev_ws3/build/my_bot
[0.067s] -- Install configuration: ""
[0.067s] -- Execute custom install script
[0.068s] -- Up-to-date symlink: /home/prabathbk/dev_ws3/install/my_bot/share/my_bot/config/empty.yaml
[0.068s] -- Up-to-date symlink: /home/prabathbk/dev_ws3/install/my_bot/share/my_bot/description/robot.urdf.xacro
[0.068s] -- Symlinking: /home/prabathbk/dev_ws3/install/my_bot/share/my_bot/description/robot_core.xacro
[0.076s] -- Up-to-date symlink: /home/prabathbk/dev_ws3/install/my_bot/share/my_bot/launch/rsp.launch.py
[0.076s] -- Up-to-date symlink: /home/prabathbk/dev_ws3/install/my_bot/share/my_bot/worlds/empty.world
[0.076s] -- Up-to-date symlink: /home/prabathbk/dev_ws3/install/my_bot/share/ament_index/resource_index/package_run_dependencies/my_bot
[0.076s] -- Up-to-date symlink: /home/prabathbk/dev_ws3/install/my_bot/share/ament_index/resource_index/parent_prefix_path/my_bot
[0.076s] -- Up-to-date symlink: /home/prabathbk/dev_ws3/install/my_bot/share/my_bot/environment/ament_prefix_path.sh
[0.076s] -- Up-to-date symlink: /home/prabathbk/dev_ws3/install/my_bot/share/my_bot/environment/ament_prefix_path.dsv
[0.076s] -- Up-to-date symlink: /home/prabathbk/dev_ws3/install/my_bot/share/my_bot/environment/path.sh
[0.076s] -- Up-to-date symlink: /home/prabathbk/dev_ws3/install/my_bot/share/my_bot/environment/path.dsv
[0.076s] -- Up-to-date symlink: /home/prabathbk/dev_ws3/install/my_bot/share/my_bot/local_setup.bash
[0.076s] -- Up-to-date symlink: /home/prabathbk/dev_ws3/install/my_bot/share/my_bot/local_setup.sh
[0.076s] -- Up-to-date symlink: /home/prabathbk/dev_ws3/install/my_bot/share/my_bot/local_setup.zsh
[0.077s] -- Up-to-date symlink: /home/prabathbk/dev_ws3/install/my_bot/share/my_bot/local_setup.dsv
[0.077s] -- Symlinking: /home/prabathbk/dev_ws3/install/my_bot/share/my_bot/package.dsv
[0.087s] -- Up-to-date symlink: /home/prabathbk/dev_ws3/install/my_bot/share/ament_index/resource_index/packages/my_bot
[0.087s] -- Up-to-date symlink: /home/prabathbk/dev_ws3/install/my_bot/share/my_bot/cmake/my_botConfig.cmake
[0.087s] -- Up-to-date symlink: /home/prabathbk/dev_ws3/install/my_bot/share/my_bot/cmake/my_botConfig-version.cmake
[0.088s] -- Up-to-date symlink: /home/prabathbk/dev_ws3/install/my_bot/share/my_bot/package.xml
[0.091s] Invoked command in '/home/prabathbk/dev_ws3/build/my_bot' returned '0': CMAKE_PREFIX_PATH=/opt/ros/humble /usr/bin/cmake --install /home/prabathbk/dev_ws3/build/my_bot
