[0.461s] Invoking command in '/home/prabathbk/dev_ws3/build/ball_tracker': PYTHONPATH=/home/prabathbk/dev_ws3/build/ball_tracker/prefix_override:/home/prabathbk/dev_ws3/install/ball_tracker/lib/python3.10/site-packages:${PYTHONPATH} /usr/bin/python3 -W ignore:setup.py install is deprecated setup.py develop --editable --build-directory /home/prabathbk/dev_ws3/build/ball_tracker/build --no-deps symlink_data
[0.538s] /home/prabathbk/.local/lib/python3.10/site-packages/setuptools/dist.py:476: SetuptoolsDeprecationWarning: Invalid dash-separated options
[0.538s] !!
[0.538s] 
[0.538s]         ********************************************************************************
[0.538s]         Usage of dash-separated 'script-dir' will not be supported in future
[0.538s]         versions. Please use the underscore name 'script_dir' instead.
[0.538s] 
[0.538s]         By 2024-Sep-26, you need to update your project and remove deprecated calls
[0.538s]         or your builds will no longer be supported.
[0.538s] 
[0.538s]         See https://setuptools.pypa.io/en/latest/userguide/declarative_config.html for details.
[0.538s]         ********************************************************************************
[0.538s] 
[0.538s] !!
[0.538s]   opt = self.warn_dash_deprecation(opt, section)
[0.640s] running develop
[0.641s] /home/prabathbk/.local/lib/python3.10/site-packages/setuptools/command/develop.py:42: EasyInstallDeprecationWarning: easy_install command is deprecated.
[0.641s] !!
[0.641s] 
[0.641s]         ********************************************************************************
[0.641s]         Please avoid running ``setup.py`` and ``easy_install``.
[0.641s]         Instead, use pypa/build, pypa/installer or other
[0.641s]         standards-based tools.
[0.641s] 
[0.641s]         See https://github.com/pypa/setuptools/issues/917 for details.
[0.641s]         ********************************************************************************
[0.641s] 
[0.641s] !!
[0.641s]   easy_install.initialize_options(self)
[0.758s] running egg_info
[0.766s] writing ball_tracker.egg-info/PKG-INFO
[0.766s] writing dependency_links to ball_tracker.egg-info/dependency_links.txt
[0.766s] writing entry points to ball_tracker.egg-info/entry_points.txt
[0.766s] writing requirements to ball_tracker.egg-info/requires.txt
[0.766s] writing top-level names to ball_tracker.egg-info/top_level.txt
[0.783s] reading manifest file 'ball_tracker.egg-info/SOURCES.txt'
[0.783s] writing manifest file 'ball_tracker.egg-info/SOURCES.txt'
[0.792s] running build_ext
[0.792s] Creating /home/prabathbk/dev_ws3/install/ball_tracker/lib/python3.10/site-packages/ball-tracker.egg-link (link to .)
[0.792s] Installing detect_ball script to /home/prabathbk/dev_ws3/install/ball_tracker/lib/ball_tracker
[0.792s] Installing detect_ball_3d script to /home/prabathbk/dev_ws3/install/ball_tracker/lib/ball_tracker
[0.793s] Installing follow_ball script to /home/prabathbk/dev_ws3/install/ball_tracker/lib/ball_tracker
[0.793s] 
[0.793s] Installed /home/prabathbk/dev_ws3/build/ball_tracker
[0.793s] running symlink_data
[0.793s] error: can't copy '/home/prabathbk/dev_ws3/build/ball_tracker/config/ball_tracker_params_sim.yaml': doesn't exist or not a regular file
[0.809s] Invoked command in '/home/prabathbk/dev_ws3/build/ball_tracker' returned '1': PYTHONPATH=/home/prabathbk/dev_ws3/build/ball_tracker/prefix_override:/home/prabathbk/dev_ws3/install/ball_tracker/lib/python3.10/site-packages:${PYTHONPATH} /usr/bin/python3 -W ignore:setup.py install is deprecated setup.py develop --editable --build-directory /home/prabathbk/dev_ws3/build/ball_tracker/build --no-deps symlink_data
