[0.079s] DEBUG:colcon:Command line arguments: ['/home/prabathbk/.local/bin/colcon', 'build', '--symlink-install']
[0.079s] DEBUG:colcon:Parsed command line arguments: Namespace(log_base=None, log_level=None, verb_name='build', build_base='build', install_base='install', merge_install=False, symlink_install=True, test_result_base=None, continue_on_error=False, executor='parallel', parallel_workers=16, event_handlers=None, ignore_user_meta=False, metas=['./colcon.meta'], base_paths=['.'], packages_ignore=None, packages_ignore_regex=None, paths=None, packages_up_to=None, packages_up_to_regex=None, packages_above=None, packages_above_and_dependencies=None, packages_above_depth=None, packages_select_by_dep=None, packages_skip_by_dep=None, packages_skip_up_to=None, packages_select_build_failed=False, packages_skip_build_finished=False, packages_select_test_failures=False, packages_skip_test_passed=False, packages_select=None, packages_skip=None, packages_select_regex=None, packages_skip_regex=None, packages_start=None, packages_end=None, allow_overriding=[], cmake_args=None, cmake_target=None, cmake_target_skip_unavailable=False, cmake_clean_cache=False, cmake_clean_first=False, cmake_force_configure=False, ament_cmake_args=None, catkin_cmake_args=None, catkin_skip_building_tests=False, mixin_files=None, mixin=None, verb_parser=<colcon_mixin.mixin.mixin_argument.MixinArgumentDecorator object at 0x74c05cb04850>, verb_extension=<colcon_core.verb.build.BuildVerb object at 0x74c05cb04340>, main=<bound method BuildVerb.main of <colcon_core.verb.build.BuildVerb object at 0x74c05cb04340>>, mixin_verb=('build',))
[0.103s] Level 1:colcon.colcon_core.package_discovery:discover_packages(colcon_meta) check parameters
[0.103s] Level 1:colcon.colcon_core.package_discovery:discover_packages(recursive) check parameters
[0.103s] Level 1:colcon.colcon_core.package_discovery:discover_packages(ignore) check parameters
[0.103s] Level 1:colcon.colcon_core.package_discovery:discover_packages(path) check parameters
[0.103s] Level 1:colcon.colcon_core.package_discovery:discover_packages(colcon_meta) discover
[0.103s] Level 1:colcon.colcon_core.package_discovery:discover_packages(recursive) discover
[0.103s] INFO:colcon.colcon_core.package_discovery:Crawling recursively for packages in '/home/prabathbk/dev_ws3'
[0.103s] Level 1:colcon.colcon_core.package_identification:_identify(.) by extensions ['ignore', 'ignore_ament_install']
[0.103s] Level 1:colcon.colcon_core.package_identification:_identify(.) by extension 'ignore'
[0.103s] Level 1:colcon.colcon_core.package_identification:_identify(.) by extension 'ignore_ament_install'
[0.103s] Level 1:colcon.colcon_core.package_identification:_identify(.) by extensions ['colcon_pkg']
[0.103s] Level 1:colcon.colcon_core.package_identification:_identify(.) by extension 'colcon_pkg'
[0.103s] Level 1:colcon.colcon_core.package_identification:_identify(.) by extensions ['colcon_meta']
[0.103s] Level 1:colcon.colcon_core.package_identification:_identify(.) by extension 'colcon_meta'
[0.103s] Level 1:colcon.colcon_core.package_identification:_identify(.) by extensions ['ros']
[0.103s] Level 1:colcon.colcon_core.package_identification:_identify(.) by extension 'ros'
[0.113s] Level 1:colcon.colcon_core.package_identification:_identify(.) by extensions ['cmake', 'python']
[0.113s] Level 1:colcon.colcon_core.package_identification:_identify(.) by extension 'cmake'
[0.113s] Level 1:colcon.colcon_core.package_identification:_identify(.) by extension 'python'
[0.113s] Level 1:colcon.colcon_core.package_identification:_identify(.) by extensions ['python_setup_py']
[0.113s] Level 1:colcon.colcon_core.package_identification:_identify(.) by extension 'python_setup_py'
[0.113s] Level 1:colcon.colcon_core.package_identification:_identify(build) by extensions ['ignore', 'ignore_ament_install']
[0.113s] Level 1:colcon.colcon_core.package_identification:_identify(build) by extension 'ignore'
[0.113s] Level 1:colcon.colcon_core.package_identification:_identify(build) ignored
[0.113s] Level 1:colcon.colcon_core.package_identification:_identify(install) by extensions ['ignore', 'ignore_ament_install']
[0.113s] Level 1:colcon.colcon_core.package_identification:_identify(install) by extension 'ignore'
[0.113s] Level 1:colcon.colcon_core.package_identification:_identify(install) ignored
[0.113s] Level 1:colcon.colcon_core.package_identification:_identify(log) by extensions ['ignore', 'ignore_ament_install']
[0.113s] Level 1:colcon.colcon_core.package_identification:_identify(log) by extension 'ignore'
[0.113s] Level 1:colcon.colcon_core.package_identification:_identify(log) ignored
[0.113s] Level 1:colcon.colcon_core.package_identification:_identify(src) by extensions ['ignore', 'ignore_ament_install']
[0.113s] Level 1:colcon.colcon_core.package_identification:_identify(src) by extension 'ignore'
[0.113s] Level 1:colcon.colcon_core.package_identification:_identify(src) by extension 'ignore_ament_install'
[0.113s] Level 1:colcon.colcon_core.package_identification:_identify(src) by extensions ['colcon_pkg']
[0.113s] Level 1:colcon.colcon_core.package_identification:_identify(src) by extension 'colcon_pkg'
[0.113s] Level 1:colcon.colcon_core.package_identification:_identify(src) by extensions ['colcon_meta']
[0.113s] Level 1:colcon.colcon_core.package_identification:_identify(src) by extension 'colcon_meta'
[0.113s] Level 1:colcon.colcon_core.package_identification:_identify(src) by extensions ['ros']
[0.113s] Level 1:colcon.colcon_core.package_identification:_identify(src) by extension 'ros'
[0.114s] Level 1:colcon.colcon_core.package_identification:_identify(src) by extensions ['cmake', 'python']
[0.114s] Level 1:colcon.colcon_core.package_identification:_identify(src) by extension 'cmake'
[0.114s] Level 1:colcon.colcon_core.package_identification:_identify(src) by extension 'python'
[0.114s] Level 1:colcon.colcon_core.package_identification:_identify(src) by extensions ['python_setup_py']
[0.114s] Level 1:colcon.colcon_core.package_identification:_identify(src) by extension 'python_setup_py'
[0.114s] Level 1:colcon.colcon_core.package_identification:_identify(src/ball_tracker) by extensions ['ignore', 'ignore_ament_install']
[0.114s] Level 1:colcon.colcon_core.package_identification:_identify(src/ball_tracker) by extension 'ignore'
[0.114s] Level 1:colcon.colcon_core.package_identification:_identify(src/ball_tracker) by extension 'ignore_ament_install'
[0.114s] Level 1:colcon.colcon_core.package_identification:_identify(src/ball_tracker) by extensions ['colcon_pkg']
[0.114s] Level 1:colcon.colcon_core.package_identification:_identify(src/ball_tracker) by extension 'colcon_pkg'
[0.114s] Level 1:colcon.colcon_core.package_identification:_identify(src/ball_tracker) by extensions ['colcon_meta']
[0.114s] Level 1:colcon.colcon_core.package_identification:_identify(src/ball_tracker) by extension 'colcon_meta'
[0.114s] Level 1:colcon.colcon_core.package_identification:_identify(src/ball_tracker) by extensions ['ros']
[0.114s] Level 1:colcon.colcon_core.package_identification:_identify(src/ball_tracker) by extension 'ros'
[0.115s] DEBUG:colcon.colcon_core.package_identification:Package 'src/ball_tracker' with type 'ros.ament_python' and name 'ball_tracker'
[0.116s] Level 1:colcon.colcon_core.package_identification:_identify(src/my_bot) by extensions ['ignore', 'ignore_ament_install']
[0.116s] Level 1:colcon.colcon_core.package_identification:_identify(src/my_bot) by extension 'ignore'
[0.116s] Level 1:colcon.colcon_core.package_identification:_identify(src/my_bot) by extension 'ignore_ament_install'
[0.116s] Level 1:colcon.colcon_core.package_identification:_identify(src/my_bot) by extensions ['colcon_pkg']
[0.116s] Level 1:colcon.colcon_core.package_identification:_identify(src/my_bot) by extension 'colcon_pkg'
[0.116s] Level 1:colcon.colcon_core.package_identification:_identify(src/my_bot) by extensions ['colcon_meta']
[0.116s] Level 1:colcon.colcon_core.package_identification:_identify(src/my_bot) by extension 'colcon_meta'
[0.116s] Level 1:colcon.colcon_core.package_identification:_identify(src/my_bot) by extensions ['ros']
[0.116s] Level 1:colcon.colcon_core.package_identification:_identify(src/my_bot) by extension 'ros'
[0.116s] DEBUG:colcon.colcon_core.package_identification:Package 'src/my_bot' with type 'ros.ament_cmake' and name 'my_bot'
[0.116s] Level 1:colcon.colcon_core.package_discovery:discover_packages(recursive) using defaults
[0.116s] Level 1:colcon.colcon_core.package_discovery:discover_packages(ignore) discover
[0.116s] Level 1:colcon.colcon_core.package_discovery:discover_packages(ignore) using defaults
[0.116s] Level 1:colcon.colcon_core.package_discovery:discover_packages(path) discover
[0.116s] Level 1:colcon.colcon_core.package_discovery:discover_packages(path) using defaults
[0.129s] Level 1:colcon.colcon_core.package_discovery:discover_packages(prefix_path) check parameters
[0.129s] Level 1:colcon.colcon_core.package_discovery:discover_packages(prefix_path) discover
[0.130s] DEBUG:colcon.colcon_installed_package_information.package_discovery:Found 2 installed packages in /home/prabathbk/dev_ws3/install
[0.130s] DEBUG:colcon.colcon_installed_package_information.package_discovery:Found 0 installed packages in /home/prabathbk/ros2_ws/src/install
[0.130s] DEBUG:colcon.colcon_installed_package_information.package_discovery:Found 1 installed packages in /home/prabathbk/dev_ws/install
[0.130s] DEBUG:colcon.colcon_installed_package_information.package_discovery:Found 0 installed packages in /home/prabathbk/install
[0.131s] DEBUG:colcon.colcon_installed_package_information.package_discovery:Found 323 installed packages in /opt/ros/humble
[0.132s] Level 1:colcon.colcon_core.package_discovery:discover_packages(prefix_path) using defaults
[0.154s] Level 5:colcon.colcon_core.verb:set package 'ball_tracker' build argument 'cmake_args' from command line to 'None'
[0.154s] Level 5:colcon.colcon_core.verb:set package 'ball_tracker' build argument 'cmake_target' from command line to 'None'
[0.154s] Level 5:colcon.colcon_core.verb:set package 'ball_tracker' build argument 'cmake_target_skip_unavailable' from command line to 'False'
[0.154s] Level 5:colcon.colcon_core.verb:set package 'ball_tracker' build argument 'cmake_clean_cache' from command line to 'False'
[0.154s] Level 5:colcon.colcon_core.verb:set package 'ball_tracker' build argument 'cmake_clean_first' from command line to 'False'
[0.154s] Level 5:colcon.colcon_core.verb:set package 'ball_tracker' build argument 'cmake_force_configure' from command line to 'False'
[0.154s] Level 5:colcon.colcon_core.verb:set package 'ball_tracker' build argument 'ament_cmake_args' from command line to 'None'
[0.154s] Level 5:colcon.colcon_core.verb:set package 'ball_tracker' build argument 'catkin_cmake_args' from command line to 'None'
[0.154s] Level 5:colcon.colcon_core.verb:set package 'ball_tracker' build argument 'catkin_skip_building_tests' from command line to 'False'
[0.154s] DEBUG:colcon.colcon_core.verb:Building package 'ball_tracker' with the following arguments: {'ament_cmake_args': None, 'build_base': '/home/prabathbk/dev_ws3/build/ball_tracker', 'catkin_cmake_args': None, 'catkin_skip_building_tests': False, 'cmake_args': None, 'cmake_clean_cache': False, 'cmake_clean_first': False, 'cmake_force_configure': False, 'cmake_target': None, 'cmake_target_skip_unavailable': False, 'install_base': '/home/prabathbk/dev_ws3/install/ball_tracker', 'merge_install': False, 'path': '/home/prabathbk/dev_ws3/src/ball_tracker', 'symlink_install': True, 'test_result_base': None}
[0.154s] Level 5:colcon.colcon_core.verb:set package 'my_bot' build argument 'cmake_args' from command line to 'None'
[0.155s] Level 5:colcon.colcon_core.verb:set package 'my_bot' build argument 'cmake_target' from command line to 'None'
[0.155s] Level 5:colcon.colcon_core.verb:set package 'my_bot' build argument 'cmake_target_skip_unavailable' from command line to 'False'
[0.155s] Level 5:colcon.colcon_core.verb:set package 'my_bot' build argument 'cmake_clean_cache' from command line to 'False'
[0.155s] Level 5:colcon.colcon_core.verb:set package 'my_bot' build argument 'cmake_clean_first' from command line to 'False'
[0.155s] Level 5:colcon.colcon_core.verb:set package 'my_bot' build argument 'cmake_force_configure' from command line to 'False'
[0.155s] Level 5:colcon.colcon_core.verb:set package 'my_bot' build argument 'ament_cmake_args' from command line to 'None'
[0.155s] Level 5:colcon.colcon_core.verb:set package 'my_bot' build argument 'catkin_cmake_args' from command line to 'None'
[0.155s] Level 5:colcon.colcon_core.verb:set package 'my_bot' build argument 'catkin_skip_building_tests' from command line to 'False'
[0.155s] DEBUG:colcon.colcon_core.verb:Building package 'my_bot' with the following arguments: {'ament_cmake_args': None, 'build_base': '/home/prabathbk/dev_ws3/build/my_bot', 'catkin_cmake_args': None, 'catkin_skip_building_tests': False, 'cmake_args': None, 'cmake_clean_cache': False, 'cmake_clean_first': False, 'cmake_force_configure': False, 'cmake_target': None, 'cmake_target_skip_unavailable': False, 'install_base': '/home/prabathbk/dev_ws3/install/my_bot', 'merge_install': False, 'path': '/home/prabathbk/dev_ws3/src/my_bot', 'symlink_install': True, 'test_result_base': None}
[0.155s] INFO:colcon.colcon_core.executor:Executing jobs using 'parallel' executor
[0.155s] DEBUG:colcon.colcon_parallel_executor.executor.parallel:run_until_complete
[0.156s] INFO:colcon.colcon_ros.task.ament_python.build:Building ROS package in '/home/prabathbk/dev_ws3/src/ball_tracker' with build type 'ament_python'
[0.156s] Level 1:colcon.colcon_core.shell:create_environment_hook('ball_tracker', 'ament_prefix_path')
[0.157s] INFO:colcon.colcon_core.plugin_system:Skipping extension 'colcon_core.shell.bat': Not used on non-Windows systems
[0.157s] INFO:colcon.colcon_core.shell:Creating environment hook '/home/prabathbk/dev_ws3/install/ball_tracker/share/ball_tracker/hook/ament_prefix_path.ps1'
[0.157s] INFO:colcon.colcon_core.shell:Creating environment descriptor '/home/prabathbk/dev_ws3/install/ball_tracker/share/ball_tracker/hook/ament_prefix_path.dsv'
[0.158s] INFO:colcon.colcon_core.shell:Creating environment hook '/home/prabathbk/dev_ws3/install/ball_tracker/share/ball_tracker/hook/ament_prefix_path.sh'
[0.158s] INFO:colcon.colcon_core.shell:Skip shell extension 'powershell' for command environment: Not usable outside of PowerShell
[0.158s] DEBUG:colcon.colcon_core.shell:Skip shell extension 'dsv' for command environment
[0.161s] INFO:colcon.colcon_ros.task.ament_cmake.build:Building ROS package in '/home/prabathbk/dev_ws3/src/my_bot' with build type 'ament_cmake'
[0.161s] INFO:colcon.colcon_cmake.task.cmake.build:Building CMake package in '/home/prabathbk/dev_ws3/src/my_bot'
[0.161s] INFO:colcon.colcon_core.shell:Skip shell extension 'powershell' for command environment: Not usable outside of PowerShell
[0.161s] DEBUG:colcon.colcon_core.shell:Skip shell extension 'dsv' for command environment
[0.284s] INFO:colcon.colcon_core.task.python.build:Building Python package in '/home/prabathbk/dev_ws3/src/ball_tracker'
[0.285s] INFO:colcon.colcon_core.shell:Skip shell extension 'powershell' for command environment: Not usable outside of PowerShell
[0.285s] DEBUG:colcon.colcon_core.shell:Skip shell extension 'dsv' for command environment
[0.289s] DEBUG:colcon.colcon_core.event_handler.log_command:Invoking command in '/home/prabathbk/dev_ws3/build/my_bot': CMAKE_PREFIX_PATH=${CMAKE_PREFIX_PATH}:/home/prabathbk/dev_ws3/install/ball_tracker:/opt/ros/humble /usr/bin/cmake --build /home/prabathbk/dev_ws3/build/my_bot -- -j16 -l16
[0.312s] DEBUG:colcon.colcon_core.event_handler.log_command:Invoked command in '/home/prabathbk/dev_ws3/build/my_bot' returned '0': CMAKE_PREFIX_PATH=${CMAKE_PREFIX_PATH}:/home/prabathbk/dev_ws3/install/ball_tracker:/opt/ros/humble /usr/bin/cmake --build /home/prabathbk/dev_ws3/build/my_bot -- -j16 -l16
[0.329s] DEBUG:colcon.colcon_core.event_handler.log_command:Invoking command in '/home/prabathbk/dev_ws3/build/my_bot': CMAKE_PREFIX_PATH=${CMAKE_PREFIX_PATH}:/home/prabathbk/dev_ws3/install/ball_tracker:/opt/ros/humble /usr/bin/cmake --install /home/prabathbk/dev_ws3/build/my_bot
[0.342s] Level 1:colcon.colcon_core.environment:create_environment_scripts_only(my_bot)
[0.342s] DEBUG:colcon.colcon_core.event_handler.log_command:Invoked command in '/home/prabathbk/dev_ws3/build/my_bot' returned '0': CMAKE_PREFIX_PATH=${CMAKE_PREFIX_PATH}:/home/prabathbk/dev_ws3/install/ball_tracker:/opt/ros/humble /usr/bin/cmake --install /home/prabathbk/dev_ws3/build/my_bot
[0.344s] Level 1:colcon.colcon_core.environment:checking '/home/prabathbk/dev_ws3/install/my_bot' for CMake module files
[0.345s] Level 1:colcon.colcon_core.environment:checking '/home/prabathbk/dev_ws3/install/my_bot' for CMake config files
[0.345s] Level 1:colcon.colcon_core.shell:create_environment_hook('my_bot', 'cmake_prefix_path')
[0.346s] INFO:colcon.colcon_core.shell:Creating environment hook '/home/prabathbk/dev_ws3/install/my_bot/share/my_bot/hook/cmake_prefix_path.ps1'
[0.346s] INFO:colcon.colcon_core.shell:Creating environment descriptor '/home/prabathbk/dev_ws3/install/my_bot/share/my_bot/hook/cmake_prefix_path.dsv'
[0.346s] INFO:colcon.colcon_core.shell:Creating environment hook '/home/prabathbk/dev_ws3/install/my_bot/share/my_bot/hook/cmake_prefix_path.sh'
[0.347s] Level 1:colcon.colcon_core.environment:checking '/home/prabathbk/dev_ws3/install/my_bot/bin'
[0.347s] Level 1:colcon.colcon_core.environment:checking '/home/prabathbk/dev_ws3/install/my_bot/lib/pkgconfig/my_bot.pc'
[0.347s] Level 1:colcon.colcon_core.environment:checking '/home/prabathbk/dev_ws3/install/my_bot/lib/python3.10/site-packages'
[0.347s] Level 1:colcon.colcon_core.environment:checking '/home/prabathbk/dev_ws3/install/my_bot/bin'
[0.348s] INFO:colcon.colcon_core.shell:Creating package script '/home/prabathbk/dev_ws3/install/my_bot/share/my_bot/package.ps1'
[0.348s] INFO:colcon.colcon_core.shell:Creating package descriptor '/home/prabathbk/dev_ws3/install/my_bot/share/my_bot/package.dsv'
[0.349s] INFO:colcon.colcon_core.shell:Creating package script '/home/prabathbk/dev_ws3/install/my_bot/share/my_bot/package.sh'
[0.349s] INFO:colcon.colcon_core.shell:Creating package script '/home/prabathbk/dev_ws3/install/my_bot/share/my_bot/package.bash'
[0.350s] INFO:colcon.colcon_core.shell:Creating package script '/home/prabathbk/dev_ws3/install/my_bot/share/my_bot/package.zsh'
[0.351s] Level 1:colcon.colcon_core.environment:create_file_with_runtime_dependencies(/home/prabathbk/dev_ws3/install/my_bot/share/colcon-core/packages/my_bot)
[0.364s] Level 1:colcon.colcon_core.environment:create_environment_scripts_only(my_bot)
[0.364s] Level 1:colcon.colcon_core.environment:checking '/home/prabathbk/dev_ws3/install/my_bot' for CMake module files
[0.365s] Level 1:colcon.colcon_core.environment:checking '/home/prabathbk/dev_ws3/install/my_bot' for CMake config files
[0.365s] Level 1:colcon.colcon_core.shell:create_environment_hook('my_bot', 'cmake_prefix_path')
[0.365s] INFO:colcon.colcon_core.shell:Creating environment hook '/home/prabathbk/dev_ws3/install/my_bot/share/my_bot/hook/cmake_prefix_path.ps1'
[0.366s] INFO:colcon.colcon_core.shell:Creating environment descriptor '/home/prabathbk/dev_ws3/install/my_bot/share/my_bot/hook/cmake_prefix_path.dsv'
[0.366s] INFO:colcon.colcon_core.shell:Creating environment hook '/home/prabathbk/dev_ws3/install/my_bot/share/my_bot/hook/cmake_prefix_path.sh'
[0.366s] Level 1:colcon.colcon_core.environment:checking '/home/prabathbk/dev_ws3/install/my_bot/bin'
[0.366s] Level 1:colcon.colcon_core.environment:checking '/home/prabathbk/dev_ws3/install/my_bot/lib/pkgconfig/my_bot.pc'
[0.367s] Level 1:colcon.colcon_core.environment:checking '/home/prabathbk/dev_ws3/install/my_bot/lib/python3.10/site-packages'
[0.367s] Level 1:colcon.colcon_core.environment:checking '/home/prabathbk/dev_ws3/install/my_bot/bin'
[0.367s] INFO:colcon.colcon_core.shell:Creating package script '/home/prabathbk/dev_ws3/install/my_bot/share/my_bot/package.ps1'
[0.368s] INFO:colcon.colcon_core.shell:Creating package descriptor '/home/prabathbk/dev_ws3/install/my_bot/share/my_bot/package.dsv'
[0.368s] INFO:colcon.colcon_core.shell:Creating package script '/home/prabathbk/dev_ws3/install/my_bot/share/my_bot/package.sh'
[0.368s] INFO:colcon.colcon_core.shell:Creating package script '/home/prabathbk/dev_ws3/install/my_bot/share/my_bot/package.bash'
[0.369s] INFO:colcon.colcon_core.shell:Creating package script '/home/prabathbk/dev_ws3/install/my_bot/share/my_bot/package.zsh'
[0.369s] Level 1:colcon.colcon_core.environment:create_file_with_runtime_dependencies(/home/prabathbk/dev_ws3/install/my_bot/share/colcon-core/packages/my_bot)
[0.634s] DEBUG:colcon.colcon_core.event_handler.log_command:Invoking command in '/home/prabathbk/dev_ws3/build/ball_tracker': PYTHONPATH=/home/prabathbk/dev_ws3/build/ball_tracker/prefix_override:/home/prabathbk/dev_ws3/install/ball_tracker/lib/python3.10/site-packages:${PYTHONPATH} /usr/bin/python3 -W ignore:setup.py install is deprecated setup.py develop --editable --build-directory /home/prabathbk/dev_ws3/build/ball_tracker/build --no-deps symlink_data
[0.995s] Level 1:colcon.colcon_core.shell:create_environment_hook('ball_tracker', 'pythonpath_develop')
[0.995s] INFO:colcon.colcon_core.shell:Creating environment hook '/home/prabathbk/dev_ws3/build/ball_tracker/share/ball_tracker/hook/pythonpath_develop.ps1'
[0.995s] DEBUG:colcon.colcon_core.event_handler.log_command:Invoked command in '/home/prabathbk/dev_ws3/build/ball_tracker' returned '0': PYTHONPATH=/home/prabathbk/dev_ws3/build/ball_tracker/prefix_override:/home/prabathbk/dev_ws3/install/ball_tracker/lib/python3.10/site-packages:${PYTHONPATH} /usr/bin/python3 -W ignore:setup.py install is deprecated setup.py develop --editable --build-directory /home/prabathbk/dev_ws3/build/ball_tracker/build --no-deps symlink_data
[0.996s] INFO:colcon.colcon_core.shell:Creating environment descriptor '/home/prabathbk/dev_ws3/build/ball_tracker/share/ball_tracker/hook/pythonpath_develop.dsv'
[0.996s] INFO:colcon.colcon_core.shell:Creating environment hook '/home/prabathbk/dev_ws3/build/ball_tracker/share/ball_tracker/hook/pythonpath_develop.sh'
[0.996s] Level 1:colcon.colcon_core.environment:checking '/home/prabathbk/dev_ws3/install/ball_tracker' for CMake module files
[0.996s] Level 1:colcon.colcon_core.environment:checking '/home/prabathbk/dev_ws3/install/ball_tracker' for CMake config files
[0.997s] Level 1:colcon.colcon_core.environment:checking '/home/prabathbk/dev_ws3/install/ball_tracker/lib'
[0.997s] Level 1:colcon.colcon_core.environment:checking '/home/prabathbk/dev_ws3/install/ball_tracker/bin'
[0.997s] Level 1:colcon.colcon_core.environment:checking '/home/prabathbk/dev_ws3/install/ball_tracker/lib/pkgconfig/ball_tracker.pc'
[0.997s] Level 1:colcon.colcon_core.environment:checking '/home/prabathbk/dev_ws3/install/ball_tracker/lib/python3.10/site-packages'
[0.997s] Level 1:colcon.colcon_core.shell:create_environment_hook('ball_tracker', 'pythonpath')
[0.997s] INFO:colcon.colcon_core.shell:Creating environment hook '/home/prabathbk/dev_ws3/install/ball_tracker/share/ball_tracker/hook/pythonpath.ps1'
[0.997s] INFO:colcon.colcon_core.shell:Creating environment descriptor '/home/prabathbk/dev_ws3/install/ball_tracker/share/ball_tracker/hook/pythonpath.dsv'
[0.998s] INFO:colcon.colcon_core.shell:Creating environment hook '/home/prabathbk/dev_ws3/install/ball_tracker/share/ball_tracker/hook/pythonpath.sh'
[0.998s] Level 1:colcon.colcon_core.environment:checking '/home/prabathbk/dev_ws3/install/ball_tracker/bin'
[0.998s] Level 1:colcon.colcon_core.environment:create_environment_scripts_only(ball_tracker)
[0.998s] INFO:colcon.colcon_core.shell:Creating package script '/home/prabathbk/dev_ws3/install/ball_tracker/share/ball_tracker/package.ps1'
[0.998s] INFO:colcon.colcon_core.shell:Creating package descriptor '/home/prabathbk/dev_ws3/install/ball_tracker/share/ball_tracker/package.dsv'
[0.998s] INFO:colcon.colcon_core.shell:Creating package script '/home/prabathbk/dev_ws3/install/ball_tracker/share/ball_tracker/package.sh'
[0.999s] INFO:colcon.colcon_core.shell:Creating package script '/home/prabathbk/dev_ws3/install/ball_tracker/share/ball_tracker/package.bash'
[0.999s] INFO:colcon.colcon_core.shell:Creating package script '/home/prabathbk/dev_ws3/install/ball_tracker/share/ball_tracker/package.zsh'
[0.999s] Level 1:colcon.colcon_core.environment:create_file_with_runtime_dependencies(/home/prabathbk/dev_ws3/install/ball_tracker/share/colcon-core/packages/ball_tracker)
[0.999s] DEBUG:colcon.colcon_parallel_executor.executor.parallel:closing loop
[1.000s] DEBUG:colcon.colcon_parallel_executor.executor.parallel:loop closed
[1.000s] DEBUG:colcon.colcon_parallel_executor.executor.parallel:run_until_complete finished with '0'
[1.000s] DEBUG:colcon.colcon_core.event_reactor:joining thread
[1.003s] INFO:colcon.colcon_core.plugin_system:Skipping extension 'colcon_notification.desktop_notification.terminal_notifier': Not used on non-Darwin systems
[1.003s] INFO:colcon.colcon_core.plugin_system:Skipping extension 'colcon_notification.desktop_notification.win32': Not used on non-Windows systems
[1.003s] INFO:colcon.colcon_notification.desktop_notification:Sending desktop notification using 'notify2'
[1.010s] DEBUG:colcon.colcon_core.event_reactor:joined thread
[1.010s] INFO:colcon.colcon_core.shell:Creating prefix script '/home/prabathbk/dev_ws3/install/local_setup.ps1'
[1.011s] INFO:colcon.colcon_core.shell:Creating prefix util module '/home/prabathbk/dev_ws3/install/_local_setup_util_ps1.py'
[1.011s] INFO:colcon.colcon_core.shell:Creating prefix chain script '/home/prabathbk/dev_ws3/install/setup.ps1'
[1.012s] INFO:colcon.colcon_core.shell:Creating prefix script '/home/prabathbk/dev_ws3/install/local_setup.sh'
[1.012s] INFO:colcon.colcon_core.shell:Creating prefix util module '/home/prabathbk/dev_ws3/install/_local_setup_util_sh.py'
[1.012s] INFO:colcon.colcon_core.shell:Creating prefix chain script '/home/prabathbk/dev_ws3/install/setup.sh'
[1.013s] INFO:colcon.colcon_core.shell:Creating prefix script '/home/prabathbk/dev_ws3/install/local_setup.bash'
[1.013s] INFO:colcon.colcon_core.shell:Creating prefix chain script '/home/prabathbk/dev_ws3/install/setup.bash'
[1.014s] INFO:colcon.colcon_core.shell:Creating prefix script '/home/prabathbk/dev_ws3/install/local_setup.zsh'
[1.014s] INFO:colcon.colcon_core.shell:Creating prefix chain script '/home/prabathbk/dev_ws3/install/setup.zsh'
