[0.005s] Invoking command in '/home/prabathbk/dev_ws3/build/my_bot': CMAKE_PREFIX_PATH=/opt/ros/humble /usr/bin/cmake /home/prabathbk/dev_ws3/src/my_bot -DAMENT_CMAKE_SYMLINK_INSTALL=1 -DCMAKE_INSTALL_PREFIX=/home/prabathbk/dev_ws3/install/my_bot
[0.012s] -- Found ament_cmake: 1.3.9 (/opt/ros/humble/share/ament_cmake/cmake)
[0.084s] -- Override CMake install command with custom implementation using symlinks instead of copying resources
[0.088s] -- Found ament_lint_auto: 0.12.11 (/opt/ros/humble/share/ament_lint_auto/cmake)
[0.131s] -- Added test 'copyright' to check source files copyright and LICENSE
[0.134s] -- Added test 'flake8' to check Python code syntax and style conventions
[0.135s] -- Added test 'lint_cmake' to check CMake code style
[0.135s] -- Added test 'pep257' to check Python code against some of the docstring style conventions in PEP 257
[0.136s] -- Added test 'xmllint' to check XML markup files
[0.137s] -- Configuring done
[0.138s] -- Generating done
[0.139s] -- Build files have been written to: /home/prabathbk/dev_ws3/build/my_bot
[0.141s] Invoked command in '/home/prabathbk/dev_ws3/build/my_bot' returned '0': CMAKE_PREFIX_PATH=/opt/ros/humble /usr/bin/cmake /home/prabathbk/dev_ws3/src/my_bot -DAMENT_CMAKE_SYMLINK_INSTALL=1 -DCMAKE_INSTALL_PREFIX=/home/prabathbk/dev_ws3/install/my_bot
[0.141s] Invoking command in '/home/prabathbk/dev_ws3/build/my_bot': CMAKE_PREFIX_PATH=/opt/ros/humble /usr/bin/cmake --build /home/prabathbk/dev_ws3/build/my_bot -- -j16 -l16
[0.167s] Invoked command in '/home/prabathbk/dev_ws3/build/my_bot' returned '0': CMAKE_PREFIX_PATH=/opt/ros/humble /usr/bin/cmake --build /home/prabathbk/dev_ws3/build/my_bot -- -j16 -l16
[0.226s] Invoking command in '/home/prabathbk/dev_ws3/build/my_bot': CMAKE_PREFIX_PATH=/opt/ros/humble /usr/bin/cmake --install /home/prabathbk/dev_ws3/build/my_bot
[0.239s] -- Install configuration: ""
[0.240s] -- Execute custom install script
[0.241s] -- Symlinking: /home/prabathbk/dev_ws3/install/my_bot/share/my_bot/config/empty.yaml
[0.257s] -- Symlinking: /home/prabathbk/dev_ws3/install/my_bot/share/my_bot/description/robot.urdf.xacro
[0.275s] -- Symlinking: /home/prabathbk/dev_ws3/install/my_bot/share/my_bot/launch/rsp.launch.py
[0.291s] -- Symlinking: /home/prabathbk/dev_ws3/install/my_bot/share/my_bot/worlds/empty.world
[0.304s] -- Symlinking: /home/prabathbk/dev_ws3/install/my_bot/share/ament_index/resource_index/package_run_dependencies/my_bot
[0.316s] -- Symlinking: /home/prabathbk/dev_ws3/install/my_bot/share/ament_index/resource_index/parent_prefix_path/my_bot
[0.327s] -- Symlinking: /home/prabathbk/dev_ws3/install/my_bot/share/my_bot/environment/ament_prefix_path.sh
[0.337s] -- Symlinking: /home/prabathbk/dev_ws3/install/my_bot/share/my_bot/environment/ament_prefix_path.dsv
[0.346s] -- Symlinking: /home/prabathbk/dev_ws3/install/my_bot/share/my_bot/environment/path.sh
[0.355s] -- Symlinking: /home/prabathbk/dev_ws3/install/my_bot/share/my_bot/environment/path.dsv
[0.363s] -- Symlinking: /home/prabathbk/dev_ws3/install/my_bot/share/my_bot/local_setup.bash
[0.374s] -- Symlinking: /home/prabathbk/dev_ws3/install/my_bot/share/my_bot/local_setup.sh
[0.380s] -- Symlinking: /home/prabathbk/dev_ws3/install/my_bot/share/my_bot/local_setup.zsh
[0.384s] -- Symlinking: /home/prabathbk/dev_ws3/install/my_bot/share/my_bot/local_setup.dsv
[0.389s] -- Symlinking: /home/prabathbk/dev_ws3/install/my_bot/share/my_bot/package.dsv
[0.393s] -- Symlinking: /home/prabathbk/dev_ws3/install/my_bot/share/ament_index/resource_index/packages/my_bot
[0.399s] -- Symlinking: /home/prabathbk/dev_ws3/install/my_bot/share/my_bot/cmake/my_botConfig.cmake
[0.403s] -- Symlinking: /home/prabathbk/dev_ws3/install/my_bot/share/my_bot/cmake/my_botConfig-version.cmake
[0.410s] -- Symlinking: /home/prabathbk/dev_ws3/install/my_bot/share/my_bot/package.xml
[0.422s] Invoked command in '/home/prabathbk/dev_ws3/build/my_bot' returned '0': CMAKE_PREFIX_PATH=/opt/ros/humble /usr/bin/cmake --install /home/prabathbk/dev_ws3/build/my_bot
