[0.489s] Invoking command in '/home/prabathbk/dev_ws3/build/ball_tracker': PYTHONPATH=/home/prabathbk/dev_ws3/build/ball_tracker/prefix_override:/home/prabathbk/dev_ws3/install/ball_tracker/lib/python3.10/site-packages:${PYTHONPATH} /usr/bin/python3 -W ignore:setup.py install is deprecated setup.py develop --editable --build-directory /home/prabathbk/dev_ws3/build/ball_tracker/build --no-deps symlink_data
[0.570s] /home/prabathbk/.local/lib/python3.10/site-packages/setuptools/dist.py:476: SetuptoolsDeprecationWarning: Invalid dash-separated options
[0.570s] !!
[0.570s] 
[0.570s]         ********************************************************************************
[0.570s]         Usage of dash-separated 'script-dir' will not be supported in future
[0.571s]         versions. Please use the underscore name 'script_dir' instead.
[0.571s] 
[0.571s]         By 2024-Sep-26, you need to update your project and remove deprecated calls
[0.571s]         or your builds will no longer be supported.
[0.571s] 
[0.571s]         See https://setuptools.pypa.io/en/latest/userguide/declarative_config.html for details.
[0.571s]         ********************************************************************************
[0.571s] 
[0.571s] !!
[0.571s]   opt = self.warn_dash_deprecation(opt, section)
[0.681s] running develop
[0.681s] /home/prabathbk/.local/lib/python3.10/site-packages/setuptools/command/develop.py:42: EasyInstallDeprecationWarning: easy_install command is deprecated.
[0.681s] !!
[0.681s] 
[0.681s]         ********************************************************************************
[0.681s]         Please avoid running ``setup.py`` and ``easy_install``.
[0.681s]         Instead, use pypa/build, pypa/installer or other
[0.681s]         standards-based tools.
[0.681s] 
[0.681s]         See https://github.com/pypa/setuptools/issues/917 for details.
[0.681s]         ********************************************************************************
[0.681s] 
[0.681s] !!
[0.681s]   easy_install.initialize_options(self)
[0.805s] running egg_info
[0.814s] writing ball_tracker.egg-info/PKG-INFO
[0.814s] writing dependency_links to ball_tracker.egg-info/dependency_links.txt
[0.814s] writing entry points to ball_tracker.egg-info/entry_points.txt
[0.814s] writing requirements to ball_tracker.egg-info/requires.txt
[0.815s] writing top-level names to ball_tracker.egg-info/top_level.txt
[0.832s] reading manifest file 'ball_tracker.egg-info/SOURCES.txt'
[0.833s] writing manifest file 'ball_tracker.egg-info/SOURCES.txt'
[0.842s] running build_ext
[0.842s] Creating /home/prabathbk/dev_ws3/install/ball_tracker/lib/python3.10/site-packages/ball-tracker.egg-link (link to .)
[0.843s] Installing detect_ball script to /home/prabathbk/dev_ws3/install/ball_tracker/lib/ball_tracker
[0.843s] Installing detect_ball_3d script to /home/prabathbk/dev_ws3/install/ball_tracker/lib/ball_tracker
[0.843s] Installing follow_ball script to /home/prabathbk/dev_ws3/install/ball_tracker/lib/ball_tracker
[0.843s] 
[0.843s] Installed /home/prabathbk/dev_ws3/build/ball_tracker
[0.843s] running symlink_data
[0.861s] Invoked command in '/home/prabathbk/dev_ws3/build/ball_tracker' returned '0': PYTHONPATH=/home/prabathbk/dev_ws3/build/ball_tracker/prefix_override:/home/prabathbk/dev_ws3/install/ball_tracker/lib/python3.10/site-packages:${PYTHONPATH} /usr/bin/python3 -W ignore:setup.py install is deprecated setup.py develop --editable --build-directory /home/prabathbk/dev_ws3/build/ball_tracker/build --no-deps symlink_data
