[0.039s] Invoking command in '/home/prabathbk/dev_ws3/build/my_bot': CMAKE_PREFIX_PATH=${CMAKE_PREFIX_PATH}:/opt/ros/humble /usr/bin/cmake --build /home/prabathbk/dev_ws3/build/my_bot -- -j16 -l16
[0.148s] Invoked command in '/home/prabathbk/dev_ws3/build/my_bot' returned '0': CMAKE_PREFIX_PATH=${CMAKE_PREFIX_PATH}:/opt/ros/humble /usr/bin/cmake --build /home/prabathbk/dev_ws3/build/my_bot -- -j16 -l16
[0.178s] Invoking command in '/home/prabathbk/dev_ws3/build/my_bot': CMAKE_PREFIX_PATH=${CMAKE_PREFIX_PATH}:/opt/ros/humble /usr/bin/cmake --install /home/prabathbk/dev_ws3/build/my_bot
[0.190s] -- Install configuration: ""
[0.202s] -- Execute custom install script
[0.203s] -- Up-to-date symlink: /home/prabathbk/dev_ws3/install/my_bot/share/my_bot/config/empty.yaml
[0.203s] -- Symlinking: /home/prabathbk/dev_ws3/install/my_bot/share/my_bot/config/gazebo_params.yaml
[0.225s] -- Up-to-date symlink: /home/prabathbk/dev_ws3/install/my_bot/share/my_bot/config/my_controllers.yaml
[0.226s] -- Up-to-date symlink: /home/prabathbk/dev_ws3/install/my_bot/share/my_bot/config/view_bot.rviz
[0.226s] -- Up-to-date symlink: /home/prabathbk/dev_ws3/install/my_bot/share/my_bot/description/camera.xacro
[0.226s] -- Up-to-date symlink: /home/prabathbk/dev_ws3/install/my_bot/share/my_bot/description/depth_camera.xacro
[0.227s] -- Up-to-date symlink: /home/prabathbk/dev_ws3/install/my_bot/share/my_bot/description/gazebo_control.xacro
[0.227s] -- Up-to-date symlink: /home/prabathbk/dev_ws3/install/my_bot/share/my_bot/description/inertial_macros.xacro
[0.227s] -- Up-to-date symlink: /home/prabathbk/dev_ws3/install/my_bot/share/my_bot/description/lidar.xacro
[0.227s] -- Up-to-date symlink: /home/prabathbk/dev_ws3/install/my_bot/share/my_bot/description/robot.urdf.xacro
[0.227s] -- Up-to-date symlink: /home/prabathbk/dev_ws3/install/my_bot/share/my_bot/description/robot_core.xacro
[0.227s] -- Up-to-date symlink: /home/prabathbk/dev_ws3/install/my_bot/share/my_bot/description/ros2_control.xacro
[0.228s] -- Up-to-date symlink: /home/prabathbk/dev_ws3/install/my_bot/share/my_bot/launch/launch_sim.launch.py
[0.228s] -- Up-to-date symlink: /home/prabathbk/dev_ws3/install/my_bot/share/my_bot/launch/rsp.launch.py
[0.228s] -- Up-to-date symlink: /home/prabathbk/dev_ws3/install/my_bot/share/my_bot/worlds/empty.world
[0.228s] -- Up-to-date symlink: /home/prabathbk/dev_ws3/install/my_bot/share/my_bot/worlds/obs.world
[0.228s] -- Up-to-date symlink: /home/prabathbk/dev_ws3/install/my_bot/share/ament_index/resource_index/package_run_dependencies/my_bot
[0.228s] -- Up-to-date symlink: /home/prabathbk/dev_ws3/install/my_bot/share/ament_index/resource_index/parent_prefix_path/my_bot
[0.228s] -- Up-to-date symlink: /home/prabathbk/dev_ws3/install/my_bot/share/my_bot/environment/ament_prefix_path.sh
[0.229s] -- Up-to-date symlink: /home/prabathbk/dev_ws3/install/my_bot/share/my_bot/environment/ament_prefix_path.dsv
[0.229s] -- Up-to-date symlink: /home/prabathbk/dev_ws3/install/my_bot/share/my_bot/environment/path.sh
[0.229s] -- Up-to-date symlink: /home/prabathbk/dev_ws3/install/my_bot/share/my_bot/environment/path.dsv
[0.229s] -- Up-to-date symlink: /home/prabathbk/dev_ws3/install/my_bot/share/my_bot/local_setup.bash
[0.230s] -- Up-to-date symlink: /home/prabathbk/dev_ws3/install/my_bot/share/my_bot/local_setup.sh
[0.230s] -- Up-to-date symlink: /home/prabathbk/dev_ws3/install/my_bot/share/my_bot/local_setup.zsh
[0.230s] -- Up-to-date symlink: /home/prabathbk/dev_ws3/install/my_bot/share/my_bot/local_setup.dsv
[0.230s] -- Symlinking: /home/prabathbk/dev_ws3/install/my_bot/share/my_bot/package.dsv
[0.235s] -- Up-to-date symlink: /home/prabathbk/dev_ws3/install/my_bot/share/ament_index/resource_index/packages/my_bot
[0.235s] -- Up-to-date symlink: /home/prabathbk/dev_ws3/install/my_bot/share/my_bot/cmake/my_botConfig.cmake
[0.235s] -- Up-to-date symlink: /home/prabathbk/dev_ws3/install/my_bot/share/my_bot/cmake/my_botConfig-version.cmake
[0.235s] -- Up-to-date symlink: /home/prabathbk/dev_ws3/install/my_bot/share/my_bot/package.xml
[0.236s] Invoked command in '/home/prabathbk/dev_ws3/build/my_bot' returned '0': CMAKE_PREFIX_PATH=${CMAKE_PREFIX_PATH}:/opt/ros/humble /usr/bin/cmake --install /home/prabathbk/dev_ws3/build/my_bot
