[0.464s] Invoking command in '/home/prabathbk/dev_ws3/build/ball_tracker': PYTHONPATH=/home/prabathbk/dev_ws3/build/ball_tracker/prefix_override:/home/prabathbk/dev_ws3/install/ball_tracker/lib/python3.10/site-packages:${PYTHONPATH} /usr/bin/python3 -W ignore:setup.py install is deprecated setup.py develop --editable --build-directory /home/prabathbk/dev_ws3/build/ball_tracker/build --no-deps symlink_data
[0.542s] /home/prabathbk/.local/lib/python3.10/site-packages/setuptools/dist.py:476: SetuptoolsDeprecationWarning: Invalid dash-separated options
[0.542s] !!
[0.542s] 
[0.542s]         ********************************************************************************
[0.542s]         Usage of dash-separated 'script-dir' will not be supported in future
[0.542s]         versions. Please use the underscore name 'script_dir' instead.
[0.542s] 
[0.542s]         By 2024-Sep-26, you need to update your project and remove deprecated calls
[0.542s]         or your builds will no longer be supported.
[0.542s] 
[0.542s]         See https://setuptools.pypa.io/en/latest/userguide/declarative_config.html for details.
[0.542s]         ********************************************************************************
[0.542s] 
[0.542s] !!
[0.542s]   opt = self.warn_dash_deprecation(opt, section)
[0.643s] running develop
[0.644s] /home/prabathbk/.local/lib/python3.10/site-packages/setuptools/command/develop.py:42: EasyInstallDeprecationWarning: easy_install command is deprecated.
[0.644s] !!
[0.644s] 
[0.644s]         ********************************************************************************
[0.644s]         Please avoid running ``setup.py`` and ``easy_install``.
[0.644s]         Instead, use pypa/build, pypa/installer or other
[0.644s]         standards-based tools.
[0.644s] 
[0.644s]         See https://github.com/pypa/setuptools/issues/917 for details.
[0.644s]         ********************************************************************************
[0.644s] 
[0.644s] !!
[0.644s]   easy_install.initialize_options(self)
[0.760s] running egg_info
[0.767s] writing ball_tracker.egg-info/PKG-INFO
[0.768s] writing dependency_links to ball_tracker.egg-info/dependency_links.txt
[0.768s] writing entry points to ball_tracker.egg-info/entry_points.txt
[0.768s] writing requirements to ball_tracker.egg-info/requires.txt
[0.768s] writing top-level names to ball_tracker.egg-info/top_level.txt
[0.784s] reading manifest file 'ball_tracker.egg-info/SOURCES.txt'
[0.785s] writing manifest file 'ball_tracker.egg-info/SOURCES.txt'
[0.794s] running build_ext
[0.794s] Creating /home/prabathbk/dev_ws3/install/ball_tracker/lib/python3.10/site-packages/ball-tracker.egg-link (link to .)
[0.794s] Installing detect_ball script to /home/prabathbk/dev_ws3/install/ball_tracker/lib/ball_tracker
[0.794s] Installing detect_ball_3d script to /home/prabathbk/dev_ws3/install/ball_tracker/lib/ball_tracker
[0.794s] Installing follow_ball script to /home/prabathbk/dev_ws3/install/ball_tracker/lib/ball_tracker
[0.794s] 
[0.794s] Installed /home/prabathbk/dev_ws3/build/ball_tracker
[0.794s] running symlink_data
[0.795s] error: can't copy '/home/prabathbk/dev_ws3/build/ball_tracker/config/ball_tracker_params_sim.yaml': doesn't exist or not a regular file
[0.811s] Invoked command in '/home/prabathbk/dev_ws3/build/ball_tracker' returned '1': PYTHONPATH=/home/prabathbk/dev_ws3/build/ball_tracker/prefix_override:/home/prabathbk/dev_ws3/install/ball_tracker/lib/python3.10/site-packages:${PYTHONPATH} /usr/bin/python3 -W ignore:setup.py install is deprecated setup.py develop --editable --build-directory /home/prabathbk/dev_ws3/build/ball_tracker/build --no-deps symlink_data
