[3.916s] DEBUG:colcon:Command line arguments: ['/home/prabathbk/.local/bin/colcon', 'build', '--symlink-install']
[3.916s] DEBUG:colcon:Parsed command line arguments: Namespace(log_base=None, log_level=None, verb_name='build', build_base='build', install_base='install', merge_install=False, symlink_install=True, test_result_base=None, continue_on_error=False, executor='parallel', parallel_workers=16, event_handlers=None, ignore_user_meta=False, metas=['./colcon.meta'], base_paths=['.'], packages_ignore=None, packages_ignore_regex=None, paths=None, packages_up_to=None, packages_up_to_regex=None, packages_above=None, packages_above_and_dependencies=None, packages_above_depth=None, packages_select_by_dep=None, packages_skip_by_dep=None, packages_skip_up_to=None, packages_select_build_failed=False, packages_skip_build_finished=False, packages_select_test_failures=False, packages_skip_test_passed=False, packages_select=None, packages_skip=None, packages_select_regex=None, packages_skip_regex=None, packages_start=None, packages_end=None, allow_overriding=[], cmake_args=None, cmake_target=None, cmake_target_skip_unavailable=False, cmake_clean_cache=False, cmake_clean_first=False, cmake_force_configure=False, ament_cmake_args=None, catkin_cmake_args=None, catkin_skip_building_tests=False, mixin_files=None, mixin=None, verb_parser=<colcon_mixin.mixin.mixin_argument.MixinArgumentDecorator object at 0x7bef3c428850>, verb_extension=<colcon_core.verb.build.BuildVerb object at 0x7bef3c428340>, main=<bound method BuildVerb.main of <colcon_core.verb.build.BuildVerb object at 0x7bef3c428340>>, mixin_verb=('build',))
[4.508s] Level 1:colcon.colcon_core.package_discovery:discover_packages(colcon_meta) check parameters
[4.508s] Level 1:colcon.colcon_core.package_discovery:discover_packages(recursive) check parameters
[4.508s] Level 1:colcon.colcon_core.package_discovery:discover_packages(ignore) check parameters
[4.508s] Level 1:colcon.colcon_core.package_discovery:discover_packages(path) check parameters
[4.508s] Level 1:colcon.colcon_core.package_discovery:discover_packages(colcon_meta) discover
[4.509s] Level 1:colcon.colcon_core.package_discovery:discover_packages(recursive) discover
[4.509s] INFO:colcon.colcon_core.package_discovery:Crawling recursively for packages in '/home/prabathbk/dev_ws3'
[4.509s] Level 1:colcon.colcon_core.package_identification:_identify(.) by extensions ['ignore', 'ignore_ament_install']
[4.509s] Level 1:colcon.colcon_core.package_identification:_identify(.) by extension 'ignore'
[4.509s] Level 1:colcon.colcon_core.package_identification:_identify(.) by extension 'ignore_ament_install'
[4.510s] Level 1:colcon.colcon_core.package_identification:_identify(.) by extensions ['colcon_pkg']
[4.510s] Level 1:colcon.colcon_core.package_identification:_identify(.) by extension 'colcon_pkg'
[4.510s] Level 1:colcon.colcon_core.package_identification:_identify(.) by extensions ['colcon_meta']
[4.510s] Level 1:colcon.colcon_core.package_identification:_identify(.) by extension 'colcon_meta'
[4.510s] Level 1:colcon.colcon_core.package_identification:_identify(.) by extensions ['ros']
[4.510s] Level 1:colcon.colcon_core.package_identification:_identify(.) by extension 'ros'
[4.529s] Level 1:colcon.colcon_core.package_identification:_identify(.) by extensions ['cmake', 'python']
[4.529s] Level 1:colcon.colcon_core.package_identification:_identify(.) by extension 'cmake'
[4.529s] Level 1:colcon.colcon_core.package_identification:_identify(.) by extension 'python'
[4.529s] Level 1:colcon.colcon_core.package_identification:_identify(.) by extensions ['python_setup_py']
[4.529s] Level 1:colcon.colcon_core.package_identification:_identify(.) by extension 'python_setup_py'
[4.529s] Level 1:colcon.colcon_core.package_identification:_identify(build) by extensions ['ignore', 'ignore_ament_install']
[4.530s] Level 1:colcon.colcon_core.package_identification:_identify(build) by extension 'ignore'
[4.530s] Level 1:colcon.colcon_core.package_identification:_identify(build) ignored
[4.530s] Level 1:colcon.colcon_core.package_identification:_identify(install) by extensions ['ignore', 'ignore_ament_install']
[4.530s] Level 1:colcon.colcon_core.package_identification:_identify(install) by extension 'ignore'
[4.530s] Level 1:colcon.colcon_core.package_identification:_identify(install) ignored
[4.530s] Level 1:colcon.colcon_core.package_identification:_identify(log) by extensions ['ignore', 'ignore_ament_install']
[4.530s] Level 1:colcon.colcon_core.package_identification:_identify(log) by extension 'ignore'
[4.530s] Level 1:colcon.colcon_core.package_identification:_identify(log) ignored
[4.530s] Level 1:colcon.colcon_core.package_identification:_identify(src) by extensions ['ignore', 'ignore_ament_install']
[4.530s] Level 1:colcon.colcon_core.package_identification:_identify(src) by extension 'ignore'
[4.530s] Level 1:colcon.colcon_core.package_identification:_identify(src) by extension 'ignore_ament_install'
[4.530s] Level 1:colcon.colcon_core.package_identification:_identify(src) by extensions ['colcon_pkg']
[4.530s] Level 1:colcon.colcon_core.package_identification:_identify(src) by extension 'colcon_pkg'
[4.530s] Level 1:colcon.colcon_core.package_identification:_identify(src) by extensions ['colcon_meta']
[4.530s] Level 1:colcon.colcon_core.package_identification:_identify(src) by extension 'colcon_meta'
[4.530s] Level 1:colcon.colcon_core.package_identification:_identify(src) by extensions ['ros']
[4.530s] Level 1:colcon.colcon_core.package_identification:_identify(src) by extension 'ros'
[4.530s] Level 1:colcon.colcon_core.package_identification:_identify(src) by extensions ['cmake', 'python']
[4.530s] Level 1:colcon.colcon_core.package_identification:_identify(src) by extension 'cmake'
[4.530s] Level 1:colcon.colcon_core.package_identification:_identify(src) by extension 'python'
[4.530s] Level 1:colcon.colcon_core.package_identification:_identify(src) by extensions ['python_setup_py']
[4.530s] Level 1:colcon.colcon_core.package_identification:_identify(src) by extension 'python_setup_py'
[4.530s] Level 1:colcon.colcon_core.package_identification:_identify(src/ball_tracker) by extensions ['ignore', 'ignore_ament_install']
[4.530s] Level 1:colcon.colcon_core.package_identification:_identify(src/ball_tracker) by extension 'ignore'
[4.530s] Level 1:colcon.colcon_core.package_identification:_identify(src/ball_tracker) by extension 'ignore_ament_install'
[4.530s] Level 1:colcon.colcon_core.package_identification:_identify(src/ball_tracker) by extensions ['colcon_pkg']
[4.530s] Level 1:colcon.colcon_core.package_identification:_identify(src/ball_tracker) by extension 'colcon_pkg'
[4.530s] Level 1:colcon.colcon_core.package_identification:_identify(src/ball_tracker) by extensions ['colcon_meta']
[4.530s] Level 1:colcon.colcon_core.package_identification:_identify(src/ball_tracker) by extension 'colcon_meta'
[4.530s] Level 1:colcon.colcon_core.package_identification:_identify(src/ball_tracker) by extensions ['ros']
[4.530s] Level 1:colcon.colcon_core.package_identification:_identify(src/ball_tracker) by extension 'ros'
[4.600s] DEBUG:colcon.colcon_core.package_identification:Package 'src/ball_tracker' with type 'ros.ament_python' and name 'ball_tracker'
[4.600s] Level 1:colcon.colcon_core.package_identification:_identify(src/my_bot) by extensions ['ignore', 'ignore_ament_install']
[4.600s] Level 1:colcon.colcon_core.package_identification:_identify(src/my_bot) by extension 'ignore'
[4.601s] Level 1:colcon.colcon_core.package_identification:_identify(src/my_bot) by extension 'ignore_ament_install'
[4.601s] Level 1:colcon.colcon_core.package_identification:_identify(src/my_bot) by extensions ['colcon_pkg']
[4.601s] Level 1:colcon.colcon_core.package_identification:_identify(src/my_bot) by extension 'colcon_pkg'
[4.601s] Level 1:colcon.colcon_core.package_identification:_identify(src/my_bot) by extensions ['colcon_meta']
[4.601s] Level 1:colcon.colcon_core.package_identification:_identify(src/my_bot) by extension 'colcon_meta'
[4.601s] Level 1:colcon.colcon_core.package_identification:_identify(src/my_bot) by extensions ['ros']
[4.601s] Level 1:colcon.colcon_core.package_identification:_identify(src/my_bot) by extension 'ros'
[4.628s] DEBUG:colcon.colcon_core.package_identification:Package 'src/my_bot' with type 'ros.ament_cmake' and name 'my_bot'
[4.628s] Level 1:colcon.colcon_core.package_discovery:discover_packages(recursive) using defaults
[4.628s] Level 1:colcon.colcon_core.package_discovery:discover_packages(ignore) discover
[4.628s] Level 1:colcon.colcon_core.package_discovery:discover_packages(ignore) using defaults
[4.629s] Level 1:colcon.colcon_core.package_discovery:discover_packages(path) discover
[4.629s] Level 1:colcon.colcon_core.package_discovery:discover_packages(path) using defaults
[4.869s] Level 1:colcon.colcon_core.package_discovery:discover_packages(prefix_path) check parameters
[4.869s] Level 1:colcon.colcon_core.package_discovery:discover_packages(prefix_path) discover
[4.894s] DEBUG:colcon.colcon_installed_package_information.package_discovery:Found 2 installed packages in /home/prabathbk/dev_ws3/install
[4.899s] DEBUG:colcon.colcon_installed_package_information.package_discovery:Found 0 installed packages in /home/prabathbk/ros2_ws/src/install
[4.900s] DEBUG:colcon.colcon_installed_package_information.package_discovery:Found 1 installed packages in /home/prabathbk/dev_ws/install
[4.907s] DEBUG:colcon.colcon_installed_package_information.package_discovery:Found 0 installed packages in /home/prabathbk/install
[4.912s] DEBUG:colcon.colcon_installed_package_information.package_discovery:Found 323 installed packages in /opt/ros/humble
[4.917s] Level 1:colcon.colcon_core.package_discovery:discover_packages(prefix_path) using defaults
[5.045s] Level 5:colcon.colcon_core.verb:set package 'ball_tracker' build argument 'cmake_args' from command line to 'None'
[5.045s] Level 5:colcon.colcon_core.verb:set package 'ball_tracker' build argument 'cmake_target' from command line to 'None'
[5.045s] Level 5:colcon.colcon_core.verb:set package 'ball_tracker' build argument 'cmake_target_skip_unavailable' from command line to 'False'
[5.045s] Level 5:colcon.colcon_core.verb:set package 'ball_tracker' build argument 'cmake_clean_cache' from command line to 'False'
[5.045s] Level 5:colcon.colcon_core.verb:set package 'ball_tracker' build argument 'cmake_clean_first' from command line to 'False'
[5.045s] Level 5:colcon.colcon_core.verb:set package 'ball_tracker' build argument 'cmake_force_configure' from command line to 'False'
[5.045s] Level 5:colcon.colcon_core.verb:set package 'ball_tracker' build argument 'ament_cmake_args' from command line to 'None'
[5.045s] Level 5:colcon.colcon_core.verb:set package 'ball_tracker' build argument 'catkin_cmake_args' from command line to 'None'
[5.045s] Level 5:colcon.colcon_core.verb:set package 'ball_tracker' build argument 'catkin_skip_building_tests' from command line to 'False'
[5.045s] DEBUG:colcon.colcon_core.verb:Building package 'ball_tracker' with the following arguments: {'ament_cmake_args': None, 'build_base': '/home/prabathbk/dev_ws3/build/ball_tracker', 'catkin_cmake_args': None, 'catkin_skip_building_tests': False, 'cmake_args': None, 'cmake_clean_cache': False, 'cmake_clean_first': False, 'cmake_force_configure': False, 'cmake_target': None, 'cmake_target_skip_unavailable': False, 'install_base': '/home/prabathbk/dev_ws3/install/ball_tracker', 'merge_install': False, 'path': '/home/prabathbk/dev_ws3/src/ball_tracker', 'symlink_install': True, 'test_result_base': None}
[5.045s] Level 5:colcon.colcon_core.verb:set package 'my_bot' build argument 'cmake_args' from command line to 'None'
[5.045s] Level 5:colcon.colcon_core.verb:set package 'my_bot' build argument 'cmake_target' from command line to 'None'
[5.045s] Level 5:colcon.colcon_core.verb:set package 'my_bot' build argument 'cmake_target_skip_unavailable' from command line to 'False'
[5.045s] Level 5:colcon.colcon_core.verb:set package 'my_bot' build argument 'cmake_clean_cache' from command line to 'False'
[5.045s] Level 5:colcon.colcon_core.verb:set package 'my_bot' build argument 'cmake_clean_first' from command line to 'False'
[5.045s] Level 5:colcon.colcon_core.verb:set package 'my_bot' build argument 'cmake_force_configure' from command line to 'False'
[5.045s] Level 5:colcon.colcon_core.verb:set package 'my_bot' build argument 'ament_cmake_args' from command line to 'None'
[5.045s] Level 5:colcon.colcon_core.verb:set package 'my_bot' build argument 'catkin_cmake_args' from command line to 'None'
[5.045s] Level 5:colcon.colcon_core.verb:set package 'my_bot' build argument 'catkin_skip_building_tests' from command line to 'False'
[5.046s] DEBUG:colcon.colcon_core.verb:Building package 'my_bot' with the following arguments: {'ament_cmake_args': None, 'build_base': '/home/prabathbk/dev_ws3/build/my_bot', 'catkin_cmake_args': None, 'catkin_skip_building_tests': False, 'cmake_args': None, 'cmake_clean_cache': False, 'cmake_clean_first': False, 'cmake_force_configure': False, 'cmake_target': None, 'cmake_target_skip_unavailable': False, 'install_base': '/home/prabathbk/dev_ws3/install/my_bot', 'merge_install': False, 'path': '/home/prabathbk/dev_ws3/src/my_bot', 'symlink_install': True, 'test_result_base': None}
[5.046s] INFO:colcon.colcon_core.executor:Executing jobs using 'parallel' executor
[5.046s] DEBUG:colcon.colcon_parallel_executor.executor.parallel:run_until_complete
[5.046s] INFO:colcon.colcon_ros.task.ament_python.build:Building ROS package in '/home/prabathbk/dev_ws3/src/ball_tracker' with build type 'ament_python'
[5.046s] Level 1:colcon.colcon_core.shell:create_environment_hook('ball_tracker', 'ament_prefix_path')
[5.052s] INFO:colcon.colcon_core.plugin_system:Skipping extension 'colcon_core.shell.bat': Not used on non-Windows systems
[5.052s] INFO:colcon.colcon_core.shell:Creating environment hook '/home/prabathbk/dev_ws3/install/ball_tracker/share/ball_tracker/hook/ament_prefix_path.ps1'
[5.052s] INFO:colcon.colcon_core.shell:Creating environment descriptor '/home/prabathbk/dev_ws3/install/ball_tracker/share/ball_tracker/hook/ament_prefix_path.dsv'
[5.053s] INFO:colcon.colcon_core.shell:Creating environment hook '/home/prabathbk/dev_ws3/install/ball_tracker/share/ball_tracker/hook/ament_prefix_path.sh'
[5.054s] INFO:colcon.colcon_core.shell:Skip shell extension 'powershell' for command environment: Not usable outside of PowerShell
[5.054s] DEBUG:colcon.colcon_core.shell:Skip shell extension 'dsv' for command environment
[5.056s] INFO:colcon.colcon_ros.task.ament_cmake.build:Building ROS package in '/home/prabathbk/dev_ws3/src/my_bot' with build type 'ament_cmake'
[5.056s] INFO:colcon.colcon_cmake.task.cmake.build:Building CMake package in '/home/prabathbk/dev_ws3/src/my_bot'
[5.056s] INFO:colcon.colcon_core.shell:Skip shell extension 'powershell' for command environment: Not usable outside of PowerShell
[5.056s] DEBUG:colcon.colcon_core.shell:Skip shell extension 'dsv' for command environment
[5.305s] INFO:colcon.colcon_core.task.python.build:Building Python package in '/home/prabathbk/dev_ws3/src/ball_tracker'
[5.305s] INFO:colcon.colcon_core.shell:Skip shell extension 'powershell' for command environment: Not usable outside of PowerShell
[5.306s] DEBUG:colcon.colcon_core.shell:Skip shell extension 'dsv' for command environment
[5.373s] DEBUG:colcon.colcon_core.event_handler.log_command:Invoking command in '/home/prabathbk/dev_ws3/build/my_bot': CMAKE_PREFIX_PATH=${CMAKE_PREFIX_PATH}:/home/prabathbk/dev_ws3/install/ball_tracker:/opt/ros/humble /usr/bin/cmake --build /home/prabathbk/dev_ws3/build/my_bot -- -j16 -l16
[6.427s] DEBUG:colcon.colcon_core.event_handler.log_command:Invoked command in '/home/prabathbk/dev_ws3/build/my_bot' returned '0': CMAKE_PREFIX_PATH=${CMAKE_PREFIX_PATH}:/home/prabathbk/dev_ws3/install/ball_tracker:/opt/ros/humble /usr/bin/cmake --build /home/prabathbk/dev_ws3/build/my_bot -- -j16 -l16
[6.478s] DEBUG:colcon.colcon_core.event_handler.log_command:Invoking command in '/home/prabathbk/dev_ws3/build/my_bot': CMAKE_PREFIX_PATH=${CMAKE_PREFIX_PATH}:/home/prabathbk/dev_ws3/install/ball_tracker:/opt/ros/humble /usr/bin/cmake --install /home/prabathbk/dev_ws3/build/my_bot
[7.003s] Level 1:colcon.colcon_core.environment:create_environment_scripts_only(my_bot)
[7.005s] DEBUG:colcon.colcon_core.event_handler.log_command:Invoked command in '/home/prabathbk/dev_ws3/build/my_bot' returned '0': CMAKE_PREFIX_PATH=${CMAKE_PREFIX_PATH}:/home/prabathbk/dev_ws3/install/ball_tracker:/opt/ros/humble /usr/bin/cmake --install /home/prabathbk/dev_ws3/build/my_bot
[7.169s] Level 1:colcon.colcon_core.environment:checking '/home/prabathbk/dev_ws3/install/my_bot' for CMake module files
[7.170s] Level 1:colcon.colcon_core.environment:checking '/home/prabathbk/dev_ws3/install/my_bot' for CMake config files
[7.170s] Level 1:colcon.colcon_core.shell:create_environment_hook('my_bot', 'cmake_prefix_path')
[7.170s] INFO:colcon.colcon_core.shell:Creating environment hook '/home/prabathbk/dev_ws3/install/my_bot/share/my_bot/hook/cmake_prefix_path.ps1'
[7.170s] INFO:colcon.colcon_core.shell:Creating environment descriptor '/home/prabathbk/dev_ws3/install/my_bot/share/my_bot/hook/cmake_prefix_path.dsv'
[7.171s] INFO:colcon.colcon_core.shell:Creating environment hook '/home/prabathbk/dev_ws3/install/my_bot/share/my_bot/hook/cmake_prefix_path.sh'
[7.171s] Level 1:colcon.colcon_core.environment:checking '/home/prabathbk/dev_ws3/install/my_bot/bin'
[7.171s] Level 1:colcon.colcon_core.environment:checking '/home/prabathbk/dev_ws3/install/my_bot/lib/pkgconfig/my_bot.pc'
[7.171s] Level 1:colcon.colcon_core.environment:checking '/home/prabathbk/dev_ws3/install/my_bot/lib/python3.10/site-packages'
[7.171s] Level 1:colcon.colcon_core.environment:checking '/home/prabathbk/dev_ws3/install/my_bot/bin'
[7.171s] INFO:colcon.colcon_core.shell:Creating package script '/home/prabathbk/dev_ws3/install/my_bot/share/my_bot/package.ps1'
[7.197s] INFO:colcon.colcon_core.shell:Creating package descriptor '/home/prabathbk/dev_ws3/install/my_bot/share/my_bot/package.dsv'
[7.197s] INFO:colcon.colcon_core.shell:Creating package script '/home/prabathbk/dev_ws3/install/my_bot/share/my_bot/package.sh'
[7.198s] INFO:colcon.colcon_core.shell:Creating package script '/home/prabathbk/dev_ws3/install/my_bot/share/my_bot/package.bash'
[7.198s] INFO:colcon.colcon_core.shell:Creating package script '/home/prabathbk/dev_ws3/install/my_bot/share/my_bot/package.zsh'
[7.205s] Level 1:colcon.colcon_core.environment:create_file_with_runtime_dependencies(/home/prabathbk/dev_ws3/install/my_bot/share/colcon-core/packages/my_bot)
[7.218s] Level 1:colcon.colcon_core.environment:create_environment_scripts_only(my_bot)
[7.218s] Level 1:colcon.colcon_core.environment:checking '/home/prabathbk/dev_ws3/install/my_bot' for CMake module files
[7.218s] Level 1:colcon.colcon_core.environment:checking '/home/prabathbk/dev_ws3/install/my_bot' for CMake config files
[7.218s] Level 1:colcon.colcon_core.shell:create_environment_hook('my_bot', 'cmake_prefix_path')
[7.218s] INFO:colcon.colcon_core.shell:Creating environment hook '/home/prabathbk/dev_ws3/install/my_bot/share/my_bot/hook/cmake_prefix_path.ps1'
[7.219s] INFO:colcon.colcon_core.shell:Creating environment descriptor '/home/prabathbk/dev_ws3/install/my_bot/share/my_bot/hook/cmake_prefix_path.dsv'
[7.219s] INFO:colcon.colcon_core.shell:Creating environment hook '/home/prabathbk/dev_ws3/install/my_bot/share/my_bot/hook/cmake_prefix_path.sh'
[7.219s] Level 1:colcon.colcon_core.environment:checking '/home/prabathbk/dev_ws3/install/my_bot/bin'
[7.219s] Level 1:colcon.colcon_core.environment:checking '/home/prabathbk/dev_ws3/install/my_bot/lib/pkgconfig/my_bot.pc'
[7.219s] Level 1:colcon.colcon_core.environment:checking '/home/prabathbk/dev_ws3/install/my_bot/lib/python3.10/site-packages'
[7.219s] Level 1:colcon.colcon_core.environment:checking '/home/prabathbk/dev_ws3/install/my_bot/bin'
[7.220s] INFO:colcon.colcon_core.shell:Creating package script '/home/prabathbk/dev_ws3/install/my_bot/share/my_bot/package.ps1'
[7.220s] INFO:colcon.colcon_core.shell:Creating package descriptor '/home/prabathbk/dev_ws3/install/my_bot/share/my_bot/package.dsv'
[7.220s] INFO:colcon.colcon_core.shell:Creating package script '/home/prabathbk/dev_ws3/install/my_bot/share/my_bot/package.sh'
[7.220s] INFO:colcon.colcon_core.shell:Creating package script '/home/prabathbk/dev_ws3/install/my_bot/share/my_bot/package.bash'
[7.220s] INFO:colcon.colcon_core.shell:Creating package script '/home/prabathbk/dev_ws3/install/my_bot/share/my_bot/package.zsh'
[7.220s] Level 1:colcon.colcon_core.environment:create_file_with_runtime_dependencies(/home/prabathbk/dev_ws3/install/my_bot/share/colcon-core/packages/my_bot)
[10.618s] DEBUG:colcon.colcon_core.event_handler.log_command:Invoking command in '/home/prabathbk/dev_ws3/build/ball_tracker': PYTHONPATH=/home/prabathbk/dev_ws3/build/ball_tracker/prefix_override:/home/prabathbk/dev_ws3/install/ball_tracker/lib/python3.10/site-packages:${PYTHONPATH} /usr/bin/python3 -W ignore:setup.py install is deprecated setup.py develop --editable --build-directory /home/prabathbk/dev_ws3/build/ball_tracker/build --no-deps symlink_data
[11.076s] Level 1:colcon.colcon_core.shell:create_environment_hook('ball_tracker', 'pythonpath_develop')
[11.076s] INFO:colcon.colcon_core.shell:Creating environment hook '/home/prabathbk/dev_ws3/build/ball_tracker/share/ball_tracker/hook/pythonpath_develop.ps1'
[11.077s] DEBUG:colcon.colcon_core.event_handler.log_command:Invoked command in '/home/prabathbk/dev_ws3/build/ball_tracker' returned '0': PYTHONPATH=/home/prabathbk/dev_ws3/build/ball_tracker/prefix_override:/home/prabathbk/dev_ws3/install/ball_tracker/lib/python3.10/site-packages:${PYTHONPATH} /usr/bin/python3 -W ignore:setup.py install is deprecated setup.py develop --editable --build-directory /home/prabathbk/dev_ws3/build/ball_tracker/build --no-deps symlink_data
[11.077s] INFO:colcon.colcon_core.shell:Creating environment descriptor '/home/prabathbk/dev_ws3/build/ball_tracker/share/ball_tracker/hook/pythonpath_develop.dsv'
[11.077s] INFO:colcon.colcon_core.shell:Creating environment hook '/home/prabathbk/dev_ws3/build/ball_tracker/share/ball_tracker/hook/pythonpath_develop.sh'
[11.077s] Level 1:colcon.colcon_core.environment:checking '/home/prabathbk/dev_ws3/install/ball_tracker' for CMake module files
[11.078s] Level 1:colcon.colcon_core.environment:checking '/home/prabathbk/dev_ws3/install/ball_tracker' for CMake config files
[11.078s] Level 1:colcon.colcon_core.environment:checking '/home/prabathbk/dev_ws3/install/ball_tracker/lib'
[11.078s] Level 1:colcon.colcon_core.environment:checking '/home/prabathbk/dev_ws3/install/ball_tracker/bin'
[11.078s] Level 1:colcon.colcon_core.environment:checking '/home/prabathbk/dev_ws3/install/ball_tracker/lib/pkgconfig/ball_tracker.pc'
[11.078s] Level 1:colcon.colcon_core.environment:checking '/home/prabathbk/dev_ws3/install/ball_tracker/lib/python3.10/site-packages'
[11.078s] Level 1:colcon.colcon_core.shell:create_environment_hook('ball_tracker', 'pythonpath')
[11.078s] INFO:colcon.colcon_core.shell:Creating environment hook '/home/prabathbk/dev_ws3/install/ball_tracker/share/ball_tracker/hook/pythonpath.ps1'
[11.078s] INFO:colcon.colcon_core.shell:Creating environment descriptor '/home/prabathbk/dev_ws3/install/ball_tracker/share/ball_tracker/hook/pythonpath.dsv'
[11.079s] INFO:colcon.colcon_core.shell:Creating environment hook '/home/prabathbk/dev_ws3/install/ball_tracker/share/ball_tracker/hook/pythonpath.sh'
[11.079s] Level 1:colcon.colcon_core.environment:checking '/home/prabathbk/dev_ws3/install/ball_tracker/bin'
[11.079s] Level 1:colcon.colcon_core.environment:create_environment_scripts_only(ball_tracker)
[11.079s] INFO:colcon.colcon_core.shell:Creating package script '/home/prabathbk/dev_ws3/install/ball_tracker/share/ball_tracker/package.ps1'
[11.079s] INFO:colcon.colcon_core.shell:Creating package descriptor '/home/prabathbk/dev_ws3/install/ball_tracker/share/ball_tracker/package.dsv'
[11.080s] INFO:colcon.colcon_core.shell:Creating package script '/home/prabathbk/dev_ws3/install/ball_tracker/share/ball_tracker/package.sh'
[11.080s] INFO:colcon.colcon_core.shell:Creating package script '/home/prabathbk/dev_ws3/install/ball_tracker/share/ball_tracker/package.bash'
[11.080s] INFO:colcon.colcon_core.shell:Creating package script '/home/prabathbk/dev_ws3/install/ball_tracker/share/ball_tracker/package.zsh'
[11.080s] Level 1:colcon.colcon_core.environment:create_file_with_runtime_dependencies(/home/prabathbk/dev_ws3/install/ball_tracker/share/colcon-core/packages/ball_tracker)
[11.080s] DEBUG:colcon.colcon_parallel_executor.executor.parallel:closing loop
[11.080s] DEBUG:colcon.colcon_parallel_executor.executor.parallel:loop closed
[11.080s] DEBUG:colcon.colcon_parallel_executor.executor.parallel:run_until_complete finished with '0'
[11.080s] DEBUG:colcon.colcon_core.event_reactor:joining thread
[11.105s] INFO:colcon.colcon_core.plugin_system:Skipping extension 'colcon_notification.desktop_notification.terminal_notifier': Not used on non-Darwin systems
[11.105s] INFO:colcon.colcon_core.plugin_system:Skipping extension 'colcon_notification.desktop_notification.win32': Not used on non-Windows systems
[11.105s] INFO:colcon.colcon_notification.desktop_notification:Sending desktop notification using 'notify2'
[11.123s] DEBUG:colcon.colcon_core.event_reactor:joined thread
[11.124s] INFO:colcon.colcon_core.shell:Creating prefix script '/home/prabathbk/dev_ws3/install/local_setup.ps1'
[11.145s] INFO:colcon.colcon_core.shell:Creating prefix util module '/home/prabathbk/dev_ws3/install/_local_setup_util_ps1.py'
[11.162s] INFO:colcon.colcon_core.shell:Creating prefix chain script '/home/prabathbk/dev_ws3/install/setup.ps1'
[11.169s] INFO:colcon.colcon_core.shell:Creating prefix script '/home/prabathbk/dev_ws3/install/local_setup.sh'
[11.171s] INFO:colcon.colcon_core.shell:Creating prefix util module '/home/prabathbk/dev_ws3/install/_local_setup_util_sh.py'
[11.172s] INFO:colcon.colcon_core.shell:Creating prefix chain script '/home/prabathbk/dev_ws3/install/setup.sh'
[11.176s] INFO:colcon.colcon_core.shell:Creating prefix script '/home/prabathbk/dev_ws3/install/local_setup.bash'
[11.178s] INFO:colcon.colcon_core.shell:Creating prefix chain script '/home/prabathbk/dev_ws3/install/setup.bash'
[11.181s] INFO:colcon.colcon_core.shell:Creating prefix script '/home/prabathbk/dev_ws3/install/local_setup.zsh'
[11.182s] INFO:colcon.colcon_core.shell:Creating prefix chain script '/home/prabathbk/dev_ws3/install/setup.zsh'
